2019-12-05 10:25:02,263 [Worker-6] INFO  o.e.m.c.i.l.LifecycleMappingFactory - Using org.eclipse.m2e.jdt.JarLifecycleMapping lifecycle mapping for MavenProject: com.example:productapp:0.0.1-SNAPSHOT @ C:\Users\Coalesce\anusha\project\productapp\pom.xml.
2019-12-05 10:25:06,474 [Worker-6] INFO  o.e.m.j.i.AbstractJavaProjectConfigurator - Adding source folder /productapp/src/main/java
2019-12-05 10:25:06,474 [Worker-6] INFO  o.e.m.j.i.AbstractJavaProjectConfigurator - Adding resource folder /productapp/src/main/resources
2019-12-05 10:25:06,484 [Worker-6] INFO  o.e.m.j.i.AbstractJavaProjectConfigurator - Adding resource folder /productapp/src/main/resources
2019-12-05 10:25:06,495 [Worker-6] INFO  o.e.m.j.i.AbstractJavaProjectConfigurator - Adding source folder /productapp/src/test/java
2019-12-05 10:25:09,434 [Worker-6] INFO  o.e.m.c.i.p.ProjectConfigurationManager - Imported and configured 1 project(s) in 11 sec
2019-12-05 10:25:09,437 [Worker-6] INFO  o.e.m.c.i.p.ProjectConfigurationManager - Update started
2019-12-05 10:25:09,958 [Worker-6] INFO  o.e.m.c.i.l.LifecycleMappingFactory - Using org.eclipse.m2e.jdt.JarLifecycleMapping lifecycle mapping for MavenProject: com.example:productapp:0.0.1-SNAPSHOT @ C:\Users\Coalesce\anusha\project\productapp\pom.xml.
2019-12-05 10:25:10,623 [Worker-6] INFO  o.e.m.j.i.AbstractJavaProjectConfigurator - Adding source folder /productapp/src/main/java
2019-12-05 10:25:10,623 [Worker-6] INFO  o.e.m.j.i.AbstractJavaProjectConfigurator - Adding resource folder /productapp/src/main/resources
2019-12-05 10:25:10,624 [Worker-6] INFO  o.e.m.j.i.AbstractJavaProjectConfigurator - Adding resource folder /productapp/src/main/resources
2019-12-05 10:25:10,624 [Worker-6] INFO  o.e.m.j.i.AbstractJavaProjectConfigurator - Adding source folder /productapp/src/test/java
2019-12-05 10:25:10,777 [Worker-6] INFO  o.e.m.c.i.p.ProjectConfigurationManager - Update completed: 1 sec
2019-12-05 10:25:11,734 [Worker-20] INFO  o.e.m.c.i.embedder.EclipseLogger - Using 'UTF-8' encoding to copy filtered resources.
2019-12-05 10:25:11,744 [Worker-20] INFO  o.e.m.c.i.embedder.EclipseLogger - Copying 1 resource
2019-12-05 10:25:11,760 [Worker-20] INFO  o.e.m.c.i.embedder.EclipseLogger - Copying 0 resource
2019-12-05 10:25:11,767 [Worker-20] INFO  o.e.m.c.i.embedder.EclipseLogger - Using 'UTF-8' encoding to copy filtered resources.
2019-12-05 10:25:11,767 [Worker-20] INFO  o.e.m.c.i.embedder.EclipseLogger - skip non existing resourceDirectory C:\Users\Coalesce\anusha\project\productapp\src\test\resources
2019-12-05 10:30:30,557 [Worker-28] INFO  o.e.m.c.i.l.LifecycleMappingFactory - Using org.eclipse.m2e.jdt.JarLifecycleMapping lifecycle mapping for MavenProject: com.example:productapp:0.0.1-SNAPSHOT @ C:\Users\Coalesce\anusha\project\productapp\pom.xml.
2019-12-05 10:30:35,510 [Worker-28] INFO  o.e.m.c.i.embedder.EclipseLogger - Using 'UTF-8' encoding to copy filtered resources.
2019-12-05 10:30:35,517 [Worker-28] INFO  o.e.m.c.i.embedder.EclipseLogger - Copying 0 resource
2019-12-05 10:30:35,521 [Worker-28] INFO  o.e.m.c.i.embedder.EclipseLogger - Copying 0 resource
2019-12-05 10:30:35,526 [Worker-28] INFO  o.e.m.c.i.embedder.EclipseLogger - Using 'UTF-8' encoding to copy filtered resources.
2019-12-05 10:30:35,526 [Worker-28] INFO  o.e.m.c.i.embedder.EclipseLogger - skip non existing resourceDirectory C:\Users\Coalesce\anusha\project\productapp\src\test\resources
2019-12-05 10:30:39,707 [Worker-26] INFO  o.e.m.c.i.embedder.EclipseLogger - Using 'UTF-8' encoding to copy filtered resources.
2019-12-05 10:30:40,189 [Worker-26] INFO  o.e.m.c.i.embedder.EclipseLogger - Copying 1 resource
2019-12-05 10:30:40,205 [Worker-26] INFO  o.e.m.c.i.embedder.EclipseLogger - Copying 0 resource
2019-12-05 10:30:40,207 [Worker-26] INFO  o.e.m.c.i.embedder.EclipseLogger - Using 'UTF-8' encoding to copy filtered resources.
2019-12-05 10:30:40,208 [Worker-26] INFO  o.e.m.c.i.embedder.EclipseLogger - skip non existing resourceDirectory C:\Users\Coalesce\anusha\project\productapp\src\test\resources
2019-12-05 10:30:51,867 [Worker-26] INFO  o.e.m.c.i.p.ProjectConfigurationManager - Update started
2019-12-05 10:30:52,282 [Worker-26] INFO  o.e.m.c.i.l.LifecycleMappingFactory - Using org.eclipse.m2e.jdt.JarLifecycleMapping lifecycle mapping for MavenProject: com.example:productapp:0.0.1-SNAPSHOT @ C:\Users\Coalesce\anusha\project\productapp\pom.xml.
2019-12-05 10:30:52,617 [Worker-26] INFO  o.e.m.j.i.AbstractJavaProjectConfigurator - Adding source folder /productapp/src/main/java
2019-12-05 10:30:52,622 [Worker-26] INFO  o.e.m.j.i.AbstractJavaProjectConfigurator - Adding resource folder /productapp/src/main/resources
2019-12-05 10:30:52,622 [Worker-26] INFO  o.e.m.j.i.AbstractJavaProjectConfigurator - Adding resource folder /productapp/src/main/resources
2019-12-05 10:30:52,626 [Worker-26] INFO  o.e.m.j.i.AbstractJavaProjectConfigurator - Adding source folder /productapp/src/test/java
2019-12-05 10:30:52,828 [Worker-26] INFO  o.e.m.c.i.p.ProjectConfigurationManager - Update completed: 0 sec
2019-12-05 10:30:53,697 [Worker-26] INFO  o.e.m.c.i.embedder.EclipseLogger - Using 'UTF-8' encoding to copy filtered resources.
2019-12-05 10:30:53,698 [Worker-26] INFO  o.e.m.c.i.embedder.EclipseLogger - Copying 1 resource
2019-12-05 10:30:53,706 [Worker-26] INFO  o.e.m.c.i.embedder.EclipseLogger - Copying 0 resource
2019-12-05 10:30:53,708 [Worker-26] INFO  o.e.m.c.i.embedder.EclipseLogger - Using 'UTF-8' encoding to copy filtered resources.
2019-12-05 10:30:53,712 [Worker-26] INFO  o.e.m.c.i.embedder.EclipseLogger - skip non existing resourceDirectory C:\Users\Coalesce\anusha\project\productapp\src\test\resources
2019-12-05 10:31:53,319 [Worker-31] INFO  o.e.m.c.i.embedder.EclipseLogger - Using 'UTF-8' encoding to copy filtered resources.
2019-12-05 10:31:53,326 [Worker-31] INFO  o.e.m.c.i.embedder.EclipseLogger - Copying 1 resource
2019-12-05 10:31:53,332 [Worker-31] INFO  o.e.m.c.i.embedder.EclipseLogger - Copying 0 resource
2019-12-05 10:31:53,341 [Worker-31] INFO  o.e.m.c.i.embedder.EclipseLogger - Using 'UTF-8' encoding to copy filtered resources.
2019-12-05 10:31:53,342 [Worker-31] INFO  o.e.m.c.i.embedder.EclipseLogger - skip non existing resourceDirectory C:\Users\Coalesce\anusha\project\productapp\src\test\resources
2019-12-05 10:34:18,282 [Worker-24] INFO  o.e.m.c.i.embedder.EclipseLogger - Using 'UTF-8' encoding to copy filtered resources.
2019-12-05 10:34:18,282 [Worker-24] INFO  o.e.m.c.i.embedder.EclipseLogger - Copying 0 resource
2019-12-05 10:34:18,287 [Worker-24] INFO  o.e.m.c.i.embedder.EclipseLogger - Copying 0 resource
2019-12-05 10:34:18,295 [Worker-24] INFO  o.e.m.c.i.embedder.EclipseLogger - Using 'UTF-8' encoding to copy filtered resources.
2019-12-05 10:34:18,303 [Worker-24] INFO  o.e.m.c.i.embedder.EclipseLogger - skip non existing resourceDirectory C:\Users\Coalesce\anusha\project\productapp\src\test\resources
2019-12-05 10:34:21,378 [Worker-35] INFO  o.e.m.c.i.embedder.EclipseLogger - Using 'UTF-8' encoding to copy filtered resources.
2019-12-05 10:34:21,396 [Worker-35] INFO  o.e.m.c.i.embedder.EclipseLogger - Copying 1 resource
2019-12-05 10:34:21,409 [Worker-35] INFO  o.e.m.c.i.embedder.EclipseLogger - Copying 0 resource
2019-12-05 10:34:21,421 [Worker-35] INFO  o.e.m.c.i.embedder.EclipseLogger - Using 'UTF-8' encoding to copy filtered resources.
2019-12-05 10:34:21,422 [Worker-35] INFO  o.e.m.c.i.embedder.EclipseLogger - skip non existing resourceDirectory C:\Users\Coalesce\anusha\project\productapp\src\test\resources
2019-12-05 10:40:45,365 [Worker-40] INFO  o.e.m.c.i.embedder.EclipseLogger - Using 'UTF-8' encoding to copy filtered resources.
2019-12-05 10:40:45,378 [Worker-40] INFO  o.e.m.c.i.embedder.EclipseLogger - Copying 1 resource
2019-12-05 10:40:45,381 [Worker-40] INFO  o.e.m.c.i.embedder.EclipseLogger - Copying 0 resource
2019-12-05 10:40:45,383 [Worker-40] INFO  o.e.m.c.i.embedder.EclipseLogger - Using 'UTF-8' encoding to copy filtered resources.
2019-12-05 10:40:45,384 [Worker-40] INFO  o.e.m.c.i.embedder.EclipseLogger - skip non existing resourceDirectory C:\Users\Coalesce\anusha\project\productapp\src\test\resources
2019-12-05 10:41:31,038 [Worker-43] INFO  o.e.m.c.i.embedder.EclipseLogger - Using 'UTF-8' encoding to copy filtered resources.
2019-12-05 10:41:31,039 [Worker-43] INFO  o.e.m.c.i.embedder.EclipseLogger - Copying 1 resource
2019-12-05 10:41:31,041 [Worker-43] INFO  o.e.m.c.i.embedder.EclipseLogger - Copying 0 resource
2019-12-05 10:41:31,048 [Worker-43] INFO  o.e.m.c.i.embedder.EclipseLogger - Using 'UTF-8' encoding to copy filtered resources.
2019-12-05 10:41:31,048 [Worker-43] INFO  o.e.m.c.i.embedder.EclipseLogger - skip non existing resourceDirectory C:\Users\Coalesce\anusha\project\productapp\src\test\resources
2019-12-05 10:43:18,051 [Worker-43] INFO  o.e.m.c.i.embedder.EclipseLogger - Using 'UTF-8' encoding to copy filtered resources.
2019-12-05 10:43:18,052 [Worker-43] INFO  o.e.m.c.i.embedder.EclipseLogger - Copying 1 resource
2019-12-05 10:43:18,063 [Worker-43] INFO  o.e.m.c.i.embedder.EclipseLogger - Copying 0 resource
2019-12-05 10:43:18,072 [Worker-43] INFO  o.e.m.c.i.embedder.EclipseLogger - Using 'UTF-8' encoding to copy filtered resources.
2019-12-05 10:43:18,077 [Worker-43] INFO  o.e.m.c.i.embedder.EclipseLogger - skip non existing resourceDirectory C:\Users\Coalesce\anusha\project\productapp\src\test\resources
2019-12-05 10:44:08,923 [Worker-43] INFO  o.e.m.c.i.embedder.EclipseLogger - Using 'UTF-8' encoding to copy filtered resources.
2019-12-05 10:44:08,933 [Worker-43] INFO  o.e.m.c.i.embedder.EclipseLogger - Copying 1 resource
2019-12-05 10:44:08,945 [Worker-43] INFO  o.e.m.c.i.embedder.EclipseLogger - Copying 0 resource
2019-12-05 10:44:08,955 [Worker-43] INFO  o.e.m.c.i.embedder.EclipseLogger - Using 'UTF-8' encoding to copy filtered resources.
2019-12-05 10:44:08,955 [Worker-43] INFO  o.e.m.c.i.embedder.EclipseLogger - skip non existing resourceDirectory C:\Users\Coalesce\anusha\project\productapp\src\test\resources
2019-12-05 10:49:29,189 [Worker-51] INFO  o.e.m.c.i.embedder.EclipseLogger - Using 'UTF-8' encoding to copy filtered resources.
2019-12-05 10:49:29,190 [Worker-51] INFO  o.e.m.c.i.embedder.EclipseLogger - Copying 1 resource
2019-12-05 10:49:29,193 [Worker-51] INFO  o.e.m.c.i.embedder.EclipseLogger - Copying 0 resource
2019-12-05 10:49:29,195 [Worker-51] INFO  o.e.m.c.i.embedder.EclipseLogger - Using 'UTF-8' encoding to copy filtered resources.
2019-12-05 10:49:29,203 [Worker-51] INFO  o.e.m.c.i.embedder.EclipseLogger - skip non existing resourceDirectory C:\Users\Coalesce\anusha\project\productapp\src\test\resources
2019-12-05 11:00:06,352 [Worker-62] INFO  o.e.m.c.i.embedder.EclipseLogger - Using 'UTF-8' encoding to copy filtered resources.
2019-12-05 11:00:06,388 [Worker-62] INFO  o.e.m.c.i.embedder.EclipseLogger - Copying 1 resource
2019-12-05 11:00:06,426 [Worker-62] INFO  o.e.m.c.i.embedder.EclipseLogger - Copying 0 resource
2019-12-05 11:00:06,447 [Worker-62] INFO  o.e.m.c.i.embedder.EclipseLogger - Using 'UTF-8' encoding to copy filtered resources.
2019-12-05 11:00:06,447 [Worker-62] INFO  o.e.m.c.i.embedder.EclipseLogger - skip non existing resourceDirectory C:\Users\Coalesce\anusha\project\productapp\src\test\resources
2019-12-05 11:00:18,261 [Worker-63] INFO  o.e.m.c.i.embedder.EclipseLogger - Using 'UTF-8' encoding to copy filtered resources.
2019-12-05 11:00:18,262 [Worker-63] INFO  o.e.m.c.i.embedder.EclipseLogger - Copying 1 resource
2019-12-05 11:00:18,268 [Worker-63] INFO  o.e.m.c.i.embedder.EclipseLogger - Copying 0 resource
2019-12-05 11:00:18,274 [Worker-63] INFO  o.e.m.c.i.embedder.EclipseLogger - Using 'UTF-8' encoding to copy filtered resources.
2019-12-05 11:00:18,279 [Worker-63] INFO  o.e.m.c.i.embedder.EclipseLogger - skip non existing resourceDirectory C:\Users\Coalesce\anusha\project\productapp\src\test\resources
2019-12-05 11:00:29,872 [Worker-65] INFO  o.e.m.c.i.embedder.EclipseLogger - Using 'UTF-8' encoding to copy filtered resources.
2019-12-05 11:00:29,884 [Worker-65] INFO  o.e.m.c.i.embedder.EclipseLogger - Copying 1 resource
2019-12-05 11:00:29,897 [Worker-65] INFO  o.e.m.c.i.embedder.EclipseLogger - Copying 0 resource
2019-12-05 11:00:29,904 [Worker-65] INFO  o.e.m.c.i.embedder.EclipseLogger - Using 'UTF-8' encoding to copy filtered resources.
2019-12-05 11:00:29,904 [Worker-65] INFO  o.e.m.c.i.embedder.EclipseLogger - skip non existing resourceDirectory C:\Users\Coalesce\anusha\project\productapp\src\test\resources
2019-12-05 11:01:05,609 [Worker-64] INFO  o.e.m.c.i.embedder.EclipseLogger - Using 'UTF-8' encoding to copy filtered resources.
2019-12-05 11:01:05,611 [Worker-64] INFO  o.e.m.c.i.embedder.EclipseLogger - Copying 1 resource
2019-12-05 11:01:05,619 [Worker-64] INFO  o.e.m.c.i.embedder.EclipseLogger - Copying 0 resource
2019-12-05 11:01:05,625 [Worker-64] INFO  o.e.m.c.i.embedder.EclipseLogger - Using 'UTF-8' encoding to copy filtered resources.
2019-12-05 11:01:05,626 [Worker-64] INFO  o.e.m.c.i.embedder.EclipseLogger - skip non existing resourceDirectory C:\Users\Coalesce\anusha\project\productapp\src\test\resources
2019-12-05 11:01:25,630 [Worker-62] INFO  o.e.m.c.i.embedder.EclipseLogger - Using 'UTF-8' encoding to copy filtered resources.
2019-12-05 11:01:25,643 [Worker-62] INFO  o.e.m.c.i.embedder.EclipseLogger - Copying 1 resource
2019-12-05 11:01:25,646 [Worker-62] INFO  o.e.m.c.i.embedder.EclipseLogger - Copying 0 resource
2019-12-05 11:01:25,673 [Worker-62] INFO  o.e.m.c.i.embedder.EclipseLogger - Using 'UTF-8' encoding to copy filtered resources.
2019-12-05 11:01:25,673 [Worker-62] INFO  o.e.m.c.i.embedder.EclipseLogger - skip non existing resourceDirectory C:\Users\Coalesce\anusha\project\productapp\src\test\resources
2019-12-05 11:01:43,731 [Worker-61] INFO  o.e.m.c.i.embedder.EclipseLogger - Using 'UTF-8' encoding to copy filtered resources.
2019-12-05 11:01:43,732 [Worker-61] INFO  o.e.m.c.i.embedder.EclipseLogger - Copying 1 resource
2019-12-05 11:01:43,741 [Worker-61] INFO  o.e.m.c.i.embedder.EclipseLogger - Copying 0 resource
2019-12-05 11:01:43,749 [Worker-61] INFO  o.e.m.c.i.embedder.EclipseLogger - Using 'UTF-8' encoding to copy filtered resources.
2019-12-05 11:01:43,754 [Worker-61] INFO  o.e.m.c.i.embedder.EclipseLogger - skip non existing resourceDirectory C:\Users\Coalesce\anusha\project\productapp\src\test\resources
2019-12-05 11:03:03,268 [Worker-48] WARN  o.e.r.models.ModelRepository - Failed to download org.eclipse.recommenders:index::zip:0.0.0
org.eclipse.aether.resolution.ArtifactResolutionException: Could not find artifact org.eclipse.recommenders:index:zip:0.0.0-SNAPSHOT in models (http://download.eclipse.org/recommenders/models/mars/)
	at org.eclipse.aether.internal.impl.DefaultArtifactResolver.resolve(DefaultArtifactResolver.java:444) ~[na:na]
	at org.eclipse.aether.internal.impl.DefaultArtifactResolver.resolveArtifacts(DefaultArtifactResolver.java:246) ~[na:na]
	at org.eclipse.aether.internal.impl.DefaultArtifactResolver.resolveArtifact(DefaultArtifactResolver.java:223) ~[na:na]
	at org.eclipse.aether.internal.impl.DefaultRepositorySystem.resolveArtifact(DefaultRepositorySystem.java:294) ~[na:na]
	at org.eclipse.recommenders.models.ModelRepository.resolveInternal(ModelRepository.java:192) [org.eclipse.recommenders.models_2.3.0.v20160216-1255.jar:na]
	at org.eclipse.recommenders.models.ModelRepository.resolve(ModelRepository.java:174) [org.eclipse.recommenders.models_2.3.0.v20160216-1255.jar:na]
	at org.eclipse.recommenders.internal.models.rcp.EclipseModelRepository.resolve(EclipseModelRepository.java:165) [org.eclipse.recommenders.models.rcp_2.3.0.v20160216-1255.jar:na]
	at org.eclipse.recommenders.internal.models.rcp.DownloadModelArchiveJob.run(DownloadModelArchiveJob.java:76) [org.eclipse.recommenders.models.rcp_2.3.0.v20160216-1255.jar:na]
	at org.eclipse.core.internal.jobs.Worker.run(Worker.java:55) [org.eclipse.core.jobs_3.7.0.v20150330-2103.jar:na]
Caused by: org.eclipse.aether.transfer.ArtifactNotFoundException: Could not find artifact org.eclipse.recommenders:index:zip:0.0.0-SNAPSHOT in models (http://download.eclipse.org/recommenders/models/mars/)
	at org.eclipse.aether.connector.basic.ArtifactTransportListener.transferFailed(ArtifactTransportListener.java:39) ~[org.eclipse.aether.connector.basic_1.0.1.v20141111.jar:na]
	at org.eclipse.aether.connector.basic.BasicRepositoryConnector$TaskRunner.run(BasicRepositoryConnector.java:355) ~[org.eclipse.aether.connector.basic_1.0.1.v20141111.jar:na]
	at org.eclipse.aether.util.concurrency.RunnableErrorForwarder$1.run(RunnableErrorForwarder.java:67) ~[na:na]
	at org.eclipse.aether.connector.basic.BasicRepositoryConnector$DirectExecutor.execute(BasicRepositoryConnector.java:581) ~[org.eclipse.aether.connector.basic_1.0.1.v20141111.jar:na]
	at org.eclipse.aether.connector.basic.BasicRepositoryConnector.get(BasicRepositoryConnector.java:249) ~[org.eclipse.aether.connector.basic_1.0.1.v20141111.jar:na]
	at org.eclipse.aether.internal.impl.DefaultArtifactResolver.performDownloads(DefaultArtifactResolver.java:520) ~[na:na]
	at org.eclipse.aether.internal.impl.DefaultArtifactResolver.resolve(DefaultArtifactResolver.java:421) ~[na:na]
	... 8 common frames omitted
2019-12-05 11:11:04,656 [Worker-67] INFO  o.e.m.c.i.embedder.EclipseLogger - Using 'UTF-8' encoding to copy filtered resources.
2019-12-05 11:11:04,695 [Worker-67] INFO  o.e.m.c.i.embedder.EclipseLogger - Copying 1 resource
2019-12-05 11:11:04,702 [Worker-67] INFO  o.e.m.c.i.embedder.EclipseLogger - Copying 0 resource
2019-12-05 11:11:04,705 [Worker-67] INFO  o.e.m.c.i.embedder.EclipseLogger - Using 'UTF-8' encoding to copy filtered resources.
2019-12-05 11:11:04,710 [Worker-67] INFO  o.e.m.c.i.embedder.EclipseLogger - skip non existing resourceDirectory C:\Users\Coalesce\anusha\project\productapp\src\test\resources
2019-12-05 11:11:26,054 [Worker-71] INFO  o.e.m.c.i.embedder.EclipseLogger - Using 'UTF-8' encoding to copy filtered resources.
2019-12-05 11:11:26,054 [Worker-71] INFO  o.e.m.c.i.embedder.EclipseLogger - Copying 1 resource
2019-12-05 11:11:26,056 [Worker-71] INFO  o.e.m.c.i.embedder.EclipseLogger - Copying 0 resource
2019-12-05 11:11:26,063 [Worker-71] INFO  o.e.m.c.i.embedder.EclipseLogger - Using 'UTF-8' encoding to copy filtered resources.
2019-12-05 11:11:26,068 [Worker-71] INFO  o.e.m.c.i.embedder.EclipseLogger - skip non existing resourceDirectory C:\Users\Coalesce\anusha\project\productapp\src\test\resources
2019-12-05 11:12:04,068 [Worker-64] INFO  o.e.m.c.i.embedder.EclipseLogger - Using 'UTF-8' encoding to copy filtered resources.
2019-12-05 11:12:04,068 [Worker-64] INFO  o.e.m.c.i.embedder.EclipseLogger - Copying 1 resource
2019-12-05 11:12:04,077 [Worker-64] INFO  o.e.m.c.i.embedder.EclipseLogger - Copying 0 resource
2019-12-05 11:12:04,085 [Worker-64] INFO  o.e.m.c.i.embedder.EclipseLogger - Using 'UTF-8' encoding to copy filtered resources.
2019-12-05 11:12:04,091 [Worker-64] INFO  o.e.m.c.i.embedder.EclipseLogger - skip non existing resourceDirectory C:\Users\Coalesce\anusha\project\productapp\src\test\resources
2019-12-05 11:12:08,326 [Worker-64] INFO  o.e.m.c.i.embedder.EclipseLogger - Using 'UTF-8' encoding to copy filtered resources.
2019-12-05 11:12:08,335 [Worker-64] INFO  o.e.m.c.i.embedder.EclipseLogger - Copying 1 resource
2019-12-05 11:12:08,349 [Worker-64] INFO  o.e.m.c.i.embedder.EclipseLogger - Copying 0 resource
2019-12-05 11:12:08,360 [Worker-64] INFO  o.e.m.c.i.embedder.EclipseLogger - Using 'UTF-8' encoding to copy filtered resources.
2019-12-05 11:12:08,360 [Worker-64] INFO  o.e.m.c.i.embedder.EclipseLogger - skip non existing resourceDirectory C:\Users\Coalesce\anusha\project\productapp\src\test\resources
2019-12-05 11:20:24,210 [Worker-75] INFO  o.e.m.c.i.embedder.EclipseLogger - Using 'UTF-8' encoding to copy filtered resources.
2019-12-05 11:20:24,211 [Worker-75] INFO  o.e.m.c.i.embedder.EclipseLogger - Copying 1 resource
2019-12-05 11:20:24,214 [Worker-75] INFO  o.e.m.c.i.embedder.EclipseLogger - Copying 0 resource
2019-12-05 11:20:24,216 [Worker-75] INFO  o.e.m.c.i.embedder.EclipseLogger - Using 'UTF-8' encoding to copy filtered resources.
2019-12-05 11:20:24,257 [Worker-75] INFO  o.e.m.c.i.embedder.EclipseLogger - skip non existing resourceDirectory C:\Users\Coalesce\anusha\project\productapp\src\test\resources
2019-12-05 11:22:17,179 [Worker-81] INFO  o.e.m.c.i.embedder.EclipseLogger - Using 'UTF-8' encoding to copy filtered resources.
2019-12-05 11:22:17,240 [Worker-81] INFO  o.e.m.c.i.embedder.EclipseLogger - Copying 1 resource
2019-12-05 11:22:17,250 [Worker-81] INFO  o.e.m.c.i.embedder.EclipseLogger - Copying 0 resource
2019-12-05 11:22:17,260 [Worker-81] INFO  o.e.m.c.i.embedder.EclipseLogger - Using 'UTF-8' encoding to copy filtered resources.
2019-12-05 11:22:17,260 [Worker-81] INFO  o.e.m.c.i.embedder.EclipseLogger - skip non existing resourceDirectory C:\Users\Coalesce\anusha\project\productapp\src\test\resources
2019-12-05 11:25:23,565 [Worker-71] INFO  o.e.m.c.i.embedder.EclipseLogger - Using 'UTF-8' encoding to copy filtered resources.
2019-12-05 11:25:23,566 [Worker-71] INFO  o.e.m.c.i.embedder.EclipseLogger - Copying 1 resource
2019-12-05 11:25:23,574 [Worker-71] INFO  o.e.m.c.i.embedder.EclipseLogger - Copying 0 resource
2019-12-05 11:25:23,582 [Worker-71] INFO  o.e.m.c.i.embedder.EclipseLogger - Using 'UTF-8' encoding to copy filtered resources.
2019-12-05 11:25:23,587 [Worker-71] INFO  o.e.m.c.i.embedder.EclipseLogger - skip non existing resourceDirectory C:\Users\Coalesce\anusha\project\productapp\src\test\resources
2019-12-05 11:40:09,493 [Worker-86] INFO  o.e.m.c.i.embedder.EclipseLogger - Using 'UTF-8' encoding to copy filtered resources.
2019-12-05 11:40:09,495 [Worker-86] INFO  o.e.m.c.i.embedder.EclipseLogger - Copying 1 resource
2019-12-05 11:40:09,540 [Worker-86] INFO  o.e.m.c.i.embedder.EclipseLogger - Copying 0 resource
2019-12-05 11:40:09,548 [Worker-86] INFO  o.e.m.c.i.embedder.EclipseLogger - Using 'UTF-8' encoding to copy filtered resources.
2019-12-05 11:40:09,548 [Worker-86] INFO  o.e.m.c.i.embedder.EclipseLogger - skip non existing resourceDirectory C:\Users\Coalesce\anusha\project\productapp\src\test\resources
2019-12-05 11:43:14,775 [Worker-86] INFO  o.e.m.c.i.embedder.EclipseLogger - Using 'UTF-8' encoding to copy filtered resources.
2019-12-05 11:43:14,776 [Worker-86] INFO  o.e.m.c.i.embedder.EclipseLogger - Copying 1 resource
2019-12-05 11:43:14,782 [Worker-86] INFO  o.e.m.c.i.embedder.EclipseLogger - Copying 0 resource
2019-12-05 11:43:14,795 [Worker-86] INFO  o.e.m.c.i.embedder.EclipseLogger - Using 'UTF-8' encoding to copy filtered resources.
2019-12-05 11:43:14,795 [Worker-86] INFO  o.e.m.c.i.embedder.EclipseLogger - skip non existing resourceDirectory C:\Users\Coalesce\anusha\project\productapp\src\test\resources
2019-12-05 11:43:42,885 [Worker-91] INFO  o.e.m.c.i.embedder.EclipseLogger - Using 'UTF-8' encoding to copy filtered resources.
2019-12-05 11:43:42,886 [Worker-91] INFO  o.e.m.c.i.embedder.EclipseLogger - Copying 1 resource
2019-12-05 11:43:42,888 [Worker-91] INFO  o.e.m.c.i.embedder.EclipseLogger - Copying 0 resource
2019-12-05 11:43:42,932 [Worker-91] INFO  o.e.m.c.i.embedder.EclipseLogger - Using 'UTF-8' encoding to copy filtered resources.
2019-12-05 11:43:42,933 [Worker-91] INFO  o.e.m.c.i.embedder.EclipseLogger - skip non existing resourceDirectory C:\Users\Coalesce\anusha\project\productapp\src\test\resources
2019-12-05 11:43:45,438 [Worker-86] INFO  o.e.m.c.i.embedder.EclipseLogger - Using 'UTF-8' encoding to copy filtered resources.
2019-12-05 11:43:45,438 [Worker-86] INFO  o.e.m.c.i.embedder.EclipseLogger - Copying 1 resource
2019-12-05 11:43:45,459 [Worker-86] INFO  o.e.m.c.i.embedder.EclipseLogger - Copying 0 resource
2019-12-05 11:43:45,465 [Worker-86] INFO  o.e.m.c.i.embedder.EclipseLogger - Using 'UTF-8' encoding to copy filtered resources.
2019-12-05 11:43:45,470 [Worker-86] INFO  o.e.m.c.i.embedder.EclipseLogger - skip non existing resourceDirectory C:\Users\Coalesce\anusha\project\productapp\src\test\resources
2019-12-05 11:44:07,143 [Worker-97] INFO  o.e.m.c.i.embedder.EclipseLogger - Using 'UTF-8' encoding to copy filtered resources.
2019-12-05 11:44:07,149 [Worker-97] INFO  o.e.m.c.i.embedder.EclipseLogger - Copying 1 resource
2019-12-05 11:44:07,156 [Worker-97] INFO  o.e.m.c.i.embedder.EclipseLogger - Copying 0 resource
2019-12-05 11:44:07,162 [Worker-97] INFO  o.e.m.c.i.embedder.EclipseLogger - Using 'UTF-8' encoding to copy filtered resources.
2019-12-05 11:44:07,162 [Worker-97] INFO  o.e.m.c.i.embedder.EclipseLogger - skip non existing resourceDirectory C:\Users\Coalesce\anusha\project\productapp\src\test\resources
2019-12-05 11:44:22,757 [Worker-97] INFO  o.e.m.c.i.embedder.EclipseLogger - Using 'UTF-8' encoding to copy filtered resources.
2019-12-05 11:44:22,758 [Worker-97] INFO  o.e.m.c.i.embedder.EclipseLogger - Copying 1 resource
2019-12-05 11:44:22,760 [Worker-97] INFO  o.e.m.c.i.embedder.EclipseLogger - Copying 0 resource
2019-12-05 11:44:22,762 [Worker-97] INFO  o.e.m.c.i.embedder.EclipseLogger - Using 'UTF-8' encoding to copy filtered resources.
2019-12-05 11:44:22,773 [Worker-97] INFO  o.e.m.c.i.embedder.EclipseLogger - skip non existing resourceDirectory C:\Users\Coalesce\anusha\project\productapp\src\test\resources
2019-12-05 11:45:08,906 [Worker-95] INFO  o.e.m.c.i.embedder.EclipseLogger - Using 'UTF-8' encoding to copy filtered resources.
2019-12-05 11:45:08,911 [Worker-95] INFO  o.e.m.c.i.embedder.EclipseLogger - Copying 1 resource
2019-12-05 11:45:08,915 [Worker-95] INFO  o.e.m.c.i.embedder.EclipseLogger - Copying 0 resource
2019-12-05 11:45:08,920 [Worker-95] INFO  o.e.m.c.i.embedder.EclipseLogger - Using 'UTF-8' encoding to copy filtered resources.
2019-12-05 11:45:08,920 [Worker-95] INFO  o.e.m.c.i.embedder.EclipseLogger - skip non existing resourceDirectory C:\Users\Coalesce\anusha\project\productapp\src\test\resources
2019-12-05 11:45:43,154 [Worker-92] INFO  o.e.m.c.i.embedder.EclipseLogger - Using 'UTF-8' encoding to copy filtered resources.
2019-12-05 11:45:43,154 [Worker-92] INFO  o.e.m.c.i.embedder.EclipseLogger - Copying 1 resource
2019-12-05 11:45:43,160 [Worker-92] INFO  o.e.m.c.i.embedder.EclipseLogger - Copying 0 resource
2019-12-05 11:45:43,165 [Worker-92] INFO  o.e.m.c.i.embedder.EclipseLogger - Using 'UTF-8' encoding to copy filtered resources.
2019-12-05 11:45:43,168 [Worker-92] INFO  o.e.m.c.i.embedder.EclipseLogger - skip non existing resourceDirectory C:\Users\Coalesce\anusha\project\productapp\src\test\resources
2019-12-05 11:46:34,109 [Worker-93] INFO  o.e.m.c.i.embedder.EclipseLogger - Using 'UTF-8' encoding to copy filtered resources.
2019-12-05 11:46:34,118 [Worker-93] INFO  o.e.m.c.i.embedder.EclipseLogger - Copying 1 resource
2019-12-05 11:46:34,125 [Worker-93] INFO  o.e.m.c.i.embedder.EclipseLogger - Copying 0 resource
2019-12-05 11:46:34,130 [Worker-93] INFO  o.e.m.c.i.embedder.EclipseLogger - Using 'UTF-8' encoding to copy filtered resources.
2019-12-05 11:46:34,131 [Worker-93] INFO  o.e.m.c.i.embedder.EclipseLogger - skip non existing resourceDirectory C:\Users\Coalesce\anusha\project\productapp\src\test\resources
2019-12-05 11:46:49,469 [Worker-94] INFO  o.e.m.c.i.embedder.EclipseLogger - Using 'UTF-8' encoding to copy filtered resources.
2019-12-05 11:46:49,470 [Worker-94] INFO  o.e.m.c.i.embedder.EclipseLogger - Copying 1 resource
2019-12-05 11:46:49,472 [Worker-94] INFO  o.e.m.c.i.embedder.EclipseLogger - Copying 0 resource
2019-12-05 11:46:49,473 [Worker-94] INFO  o.e.m.c.i.embedder.EclipseLogger - Using 'UTF-8' encoding to copy filtered resources.
2019-12-05 11:46:49,473 [Worker-94] INFO  o.e.m.c.i.embedder.EclipseLogger - skip non existing resourceDirectory C:\Users\Coalesce\anusha\project\productapp\src\test\resources
2019-12-05 11:47:10,901 [Worker-92] INFO  o.e.m.c.i.embedder.EclipseLogger - Using 'UTF-8' encoding to copy filtered resources.
2019-12-05 11:47:10,901 [Worker-92] INFO  o.e.m.c.i.embedder.EclipseLogger - Copying 1 resource
2019-12-05 11:47:10,903 [Worker-92] INFO  o.e.m.c.i.embedder.EclipseLogger - Copying 0 resource
2019-12-05 11:47:10,911 [Worker-92] INFO  o.e.m.c.i.embedder.EclipseLogger - Using 'UTF-8' encoding to copy filtered resources.
2019-12-05 11:47:10,911 [Worker-92] INFO  o.e.m.c.i.embedder.EclipseLogger - skip non existing resourceDirectory C:\Users\Coalesce\anusha\project\productapp\src\test\resources
2019-12-05 11:48:08,154 [Worker-99] INFO  o.e.m.c.i.l.LifecycleMappingFactory - Using org.eclipse.m2e.jdt.JarLifecycleMapping lifecycle mapping for MavenProject: com.example:productapp:0.0.1-SNAPSHOT @ C:\Users\Coalesce\anusha\project\productapp\pom.xml.
2019-12-05 11:48:14,459 [Worker-99] INFO  o.e.m.c.i.embedder.EclipseLogger - Using 'UTF-8' encoding to copy filtered resources.
2019-12-05 11:48:14,470 [Worker-99] INFO  o.e.m.c.i.embedder.EclipseLogger - Copying 0 resource
2019-12-05 11:48:14,475 [Worker-99] INFO  o.e.m.c.i.embedder.EclipseLogger - Copying 0 resource
2019-12-05 11:48:14,481 [Worker-99] INFO  o.e.m.c.i.embedder.EclipseLogger - Using 'UTF-8' encoding to copy filtered resources.
2019-12-05 11:48:14,482 [Worker-99] INFO  o.e.m.c.i.embedder.EclipseLogger - skip non existing resourceDirectory C:\Users\Coalesce\anusha\project\productapp\src\test\resources
2019-12-05 11:48:18,925 [Worker-96] INFO  o.e.m.c.i.embedder.EclipseLogger - Using 'UTF-8' encoding to copy filtered resources.
2019-12-05 11:48:18,926 [Worker-96] INFO  o.e.m.c.i.embedder.EclipseLogger - Copying 1 resource
2019-12-05 11:48:18,955 [Worker-96] INFO  o.e.m.c.i.embedder.EclipseLogger - Copying 0 resource
2019-12-05 11:48:18,956 [Worker-96] INFO  o.e.m.c.i.embedder.EclipseLogger - Using 'UTF-8' encoding to copy filtered resources.
2019-12-05 11:48:18,957 [Worker-96] INFO  o.e.m.c.i.embedder.EclipseLogger - skip non existing resourceDirectory C:\Users\Coalesce\anusha\project\productapp\src\test\resources
2019-12-05 11:48:19,565 [Worker-91] INFO  o.e.m.c.i.p.ProjectConfigurationManager - Update started
2019-12-05 11:48:20,047 [Worker-91] INFO  o.e.m.c.i.l.LifecycleMappingFactory - Using org.eclipse.m2e.jdt.JarLifecycleMapping lifecycle mapping for MavenProject: com.example:productapp:0.0.1-SNAPSHOT @ C:\Users\Coalesce\anusha\project\productapp\pom.xml.
2019-12-05 11:48:20,692 [Worker-91] INFO  o.e.m.j.i.AbstractJavaProjectConfigurator - Adding source folder /productapp/src/main/java
2019-12-05 11:48:20,696 [Worker-91] INFO  o.e.m.j.i.AbstractJavaProjectConfigurator - Adding resource folder /productapp/src/main/resources
2019-12-05 11:48:20,696 [Worker-91] INFO  o.e.m.j.i.AbstractJavaProjectConfigurator - Adding resource folder /productapp/src/main/resources
2019-12-05 11:48:20,700 [Worker-91] INFO  o.e.m.j.i.AbstractJavaProjectConfigurator - Adding source folder /productapp/src/test/java
2019-12-05 11:48:20,944 [Worker-91] INFO  o.e.m.c.i.p.ProjectConfigurationManager - Update completed: 1 sec
2019-12-05 11:48:22,174 [Worker-91] INFO  o.e.m.c.i.embedder.EclipseLogger - Using 'UTF-8' encoding to copy filtered resources.
2019-12-05 11:48:22,175 [Worker-91] INFO  o.e.m.c.i.embedder.EclipseLogger - Copying 1 resource
2019-12-05 11:48:22,187 [Worker-91] INFO  o.e.m.c.i.embedder.EclipseLogger - Copying 0 resource
2019-12-05 11:48:22,189 [Worker-91] INFO  o.e.m.c.i.embedder.EclipseLogger - Using 'UTF-8' encoding to copy filtered resources.
2019-12-05 11:48:22,194 [Worker-91] INFO  o.e.m.c.i.embedder.EclipseLogger - skip non existing resourceDirectory C:\Users\Coalesce\anusha\project\productapp\src\test\resources
2019-12-05 11:48:52,929 [Worker-86] INFO  o.e.m.c.i.embedder.EclipseLogger - Using 'UTF-8' encoding to copy filtered resources.
2019-12-05 11:48:52,967 [Worker-86] INFO  o.e.m.c.i.embedder.EclipseLogger - Copying 1 resource
2019-12-05 11:48:52,974 [Worker-86] INFO  o.e.m.c.i.embedder.EclipseLogger - Copying 0 resource
2019-12-05 11:48:52,979 [Worker-86] INFO  o.e.m.c.i.embedder.EclipseLogger - Using 'UTF-8' encoding to copy filtered resources.
2019-12-05 11:48:52,979 [Worker-86] INFO  o.e.m.c.i.embedder.EclipseLogger - skip non existing resourceDirectory C:\Users\Coalesce\anusha\project\productapp\src\test\resources
2019-12-05 11:49:02,889 [Worker-91] INFO  o.e.m.c.i.embedder.EclipseLogger - Using 'UTF-8' encoding to copy filtered resources.
2019-12-05 11:49:02,889 [Worker-91] INFO  o.e.m.c.i.embedder.EclipseLogger - Copying 1 resource
2019-12-05 11:49:02,895 [Worker-91] INFO  o.e.m.c.i.embedder.EclipseLogger - Copying 0 resource
2019-12-05 11:49:02,902 [Worker-91] INFO  o.e.m.c.i.embedder.EclipseLogger - Using 'UTF-8' encoding to copy filtered resources.
2019-12-05 11:49:02,907 [Worker-91] INFO  o.e.m.c.i.embedder.EclipseLogger - skip non existing resourceDirectory C:\Users\Coalesce\anusha\project\productapp\src\test\resources
2019-12-05 11:54:55,021 [Worker-86] INFO  o.e.m.c.i.embedder.EclipseLogger - Using 'UTF-8' encoding to copy filtered resources.
2019-12-05 11:54:55,065 [Worker-86] INFO  o.e.m.c.i.embedder.EclipseLogger - Copying 1 resource
2019-12-05 11:54:55,072 [Worker-86] INFO  o.e.m.c.i.embedder.EclipseLogger - Copying 0 resource
2019-12-05 11:54:55,080 [Worker-86] INFO  o.e.m.c.i.embedder.EclipseLogger - Using 'UTF-8' encoding to copy filtered resources.
2019-12-05 11:54:55,080 [Worker-86] INFO  o.e.m.c.i.embedder.EclipseLogger - skip non existing resourceDirectory C:\Users\Coalesce\anusha\project\productapp\src\test\resources
2019-12-05 11:55:10,239 [Worker-109] INFO  o.e.m.c.i.embedder.EclipseLogger - Using 'UTF-8' encoding to copy filtered resources.
2019-12-05 11:55:10,240 [Worker-109] INFO  o.e.m.c.i.embedder.EclipseLogger - Copying 1 resource
2019-12-05 11:55:10,242 [Worker-109] INFO  o.e.m.c.i.embedder.EclipseLogger - Copying 0 resource
2019-12-05 11:55:10,243 [Worker-109] INFO  o.e.m.c.i.embedder.EclipseLogger - Using 'UTF-8' encoding to copy filtered resources.
2019-12-05 11:55:10,243 [Worker-109] INFO  o.e.m.c.i.embedder.EclipseLogger - skip non existing resourceDirectory C:\Users\Coalesce\anusha\project\productapp\src\test\resources
2019-12-05 11:55:25,596 [Worker-110] INFO  o.e.m.c.i.embedder.EclipseLogger - Using 'UTF-8' encoding to copy filtered resources.
2019-12-05 11:55:25,596 [Worker-110] INFO  o.e.m.c.i.embedder.EclipseLogger - Copying 1 resource
2019-12-05 11:55:25,598 [Worker-110] INFO  o.e.m.c.i.embedder.EclipseLogger - Copying 0 resource
2019-12-05 11:55:25,627 [Worker-110] INFO  o.e.m.c.i.embedder.EclipseLogger - Using 'UTF-8' encoding to copy filtered resources.
2019-12-05 11:55:25,627 [Worker-110] INFO  o.e.m.c.i.embedder.EclipseLogger - skip non existing resourceDirectory C:\Users\Coalesce\anusha\project\productapp\src\test\resources
2019-12-05 11:59:50,887 [Worker-94] INFO  o.e.m.c.i.embedder.EclipseLogger - Using 'UTF-8' encoding to copy filtered resources.
2019-12-05 11:59:50,888 [Worker-94] INFO  o.e.m.c.i.embedder.EclipseLogger - Copying 1 resource
2019-12-05 11:59:50,922 [Worker-94] INFO  o.e.m.c.i.embedder.EclipseLogger - Copying 0 resource
2019-12-05 11:59:50,928 [Worker-94] INFO  o.e.m.c.i.embedder.EclipseLogger - Using 'UTF-8' encoding to copy filtered resources.
2019-12-05 11:59:50,933 [Worker-94] INFO  o.e.m.c.i.embedder.EclipseLogger - skip non existing resourceDirectory C:\Users\Coalesce\anusha\project\productapp\src\test\resources
2019-12-05 12:02:29,021 [Worker-117] INFO  o.e.m.c.i.embedder.EclipseLogger - Using 'UTF-8' encoding to copy filtered resources.
2019-12-05 12:02:29,077 [Worker-117] INFO  o.e.m.c.i.embedder.EclipseLogger - Copying 1 resource
2019-12-05 12:02:29,105 [Worker-117] INFO  o.e.m.c.i.embedder.EclipseLogger - Copying 0 resource
2019-12-05 12:02:29,144 [Worker-117] INFO  o.e.m.c.i.embedder.EclipseLogger - Using 'UTF-8' encoding to copy filtered resources.
2019-12-05 12:02:29,144 [Worker-117] INFO  o.e.m.c.i.embedder.EclipseLogger - skip non existing resourceDirectory C:\Users\Coalesce\anusha\project\productapp\src\test\resources
2019-12-05 12:02:48,301 [Worker-119] INFO  o.e.m.c.i.embedder.EclipseLogger - Using 'UTF-8' encoding to copy filtered resources.
2019-12-05 12:02:48,302 [Worker-119] INFO  o.e.m.c.i.embedder.EclipseLogger - Copying 1 resource
2019-12-05 12:02:48,304 [Worker-119] INFO  o.e.m.c.i.embedder.EclipseLogger - Copying 0 resource
2019-12-05 12:02:48,306 [Worker-119] INFO  o.e.m.c.i.embedder.EclipseLogger - Using 'UTF-8' encoding to copy filtered resources.
2019-12-05 12:02:48,329 [Worker-119] INFO  o.e.m.c.i.embedder.EclipseLogger - skip non existing resourceDirectory C:\Users\Coalesce\anusha\project\productapp\src\test\resources
2019-12-05 12:03:18,354 [Worker-119] INFO  o.e.m.c.i.embedder.EclipseLogger - Using 'UTF-8' encoding to copy filtered resources.
2019-12-05 12:03:18,399 [Worker-119] INFO  o.e.m.c.i.embedder.EclipseLogger - Copying 1 resource
2019-12-05 12:03:18,421 [Worker-119] INFO  o.e.m.c.i.embedder.EclipseLogger - Copying 0 resource
2019-12-05 12:03:18,435 [Worker-119] INFO  o.e.m.c.i.embedder.EclipseLogger - Using 'UTF-8' encoding to copy filtered resources.
2019-12-05 12:03:18,435 [Worker-119] INFO  o.e.m.c.i.embedder.EclipseLogger - skip non existing resourceDirectory C:\Users\Coalesce\anusha\project\productapp\src\test\resources
2019-12-05 12:04:25,149 [Worker-121] INFO  o.e.m.c.i.embedder.EclipseLogger - Using 'UTF-8' encoding to copy filtered resources.
2019-12-05 12:04:25,149 [Worker-121] INFO  o.e.m.c.i.embedder.EclipseLogger - Copying 1 resource
2019-12-05 12:04:25,183 [Worker-121] INFO  o.e.m.c.i.embedder.EclipseLogger - Copying 0 resource
2019-12-05 12:04:25,190 [Worker-121] INFO  o.e.m.c.i.embedder.EclipseLogger - Using 'UTF-8' encoding to copy filtered resources.
2019-12-05 12:04:25,194 [Worker-121] INFO  o.e.m.c.i.embedder.EclipseLogger - skip non existing resourceDirectory C:\Users\Coalesce\anusha\project\productapp\src\test\resources
2019-12-05 12:04:41,303 [Worker-122] INFO  o.e.m.c.i.embedder.EclipseLogger - Using 'UTF-8' encoding to copy filtered resources.
2019-12-05 12:04:41,353 [Worker-122] INFO  o.e.m.c.i.embedder.EclipseLogger - Copying 1 resource
2019-12-05 12:04:41,367 [Worker-122] INFO  o.e.m.c.i.embedder.EclipseLogger - Copying 0 resource
2019-12-05 12:04:41,379 [Worker-122] INFO  o.e.m.c.i.embedder.EclipseLogger - Using 'UTF-8' encoding to copy filtered resources.
2019-12-05 12:04:41,379 [Worker-122] INFO  o.e.m.c.i.embedder.EclipseLogger - skip non existing resourceDirectory C:\Users\Coalesce\anusha\project\productapp\src\test\resources
2019-12-05 12:09:28,318 [Worker-116] INFO  o.e.m.c.i.embedder.EclipseLogger - Using 'UTF-8' encoding to copy filtered resources.
2019-12-05 12:09:28,328 [Worker-116] INFO  o.e.m.c.i.embedder.EclipseLogger - Copying 1 resource
2019-12-05 12:09:28,331 [Worker-116] INFO  o.e.m.c.i.embedder.EclipseLogger - Copying 0 resource
2019-12-05 12:09:28,333 [Worker-116] INFO  o.e.m.c.i.embedder.EclipseLogger - Using 'UTF-8' encoding to copy filtered resources.
2019-12-05 12:09:28,333 [Worker-116] INFO  o.e.m.c.i.embedder.EclipseLogger - skip non existing resourceDirectory C:\Users\Coalesce\anusha\project\productapp\src\test\resources
2019-12-05 12:11:28,198 [Worker-124] INFO  o.e.m.c.i.embedder.EclipseLogger - Using 'UTF-8' encoding to copy filtered resources.
2019-12-05 12:11:28,198 [Worker-124] INFO  o.e.m.c.i.embedder.EclipseLogger - Copying 1 resource
2019-12-05 12:11:28,201 [Worker-124] INFO  o.e.m.c.i.embedder.EclipseLogger - Copying 0 resource
2019-12-05 12:11:28,246 [Worker-124] INFO  o.e.m.c.i.embedder.EclipseLogger - Using 'UTF-8' encoding to copy filtered resources.
2019-12-05 12:11:28,246 [Worker-124] INFO  o.e.m.c.i.embedder.EclipseLogger - skip non existing resourceDirectory C:\Users\Coalesce\anusha\project\productapp\src\test\resources
2019-12-05 12:13:51,435 [Worker-130] INFO  o.e.m.c.i.embedder.EclipseLogger - Using 'UTF-8' encoding to copy filtered resources.
2019-12-05 12:13:51,436 [Worker-130] INFO  o.e.m.c.i.embedder.EclipseLogger - Copying 1 resource
2019-12-05 12:13:51,473 [Worker-130] INFO  o.e.m.c.i.embedder.EclipseLogger - Copying 0 resource
2019-12-05 12:13:51,479 [Worker-130] INFO  o.e.m.c.i.embedder.EclipseLogger - Using 'UTF-8' encoding to copy filtered resources.
2019-12-05 12:13:51,484 [Worker-130] INFO  o.e.m.c.i.embedder.EclipseLogger - skip non existing resourceDirectory C:\Users\Coalesce\anusha\project\productapp\src\test\resources
2019-12-05 12:14:00,780 [Worker-134] INFO  o.e.m.c.i.embedder.EclipseLogger - Using 'UTF-8' encoding to copy filtered resources.
2019-12-05 12:14:00,794 [Worker-134] INFO  o.e.m.c.i.embedder.EclipseLogger - Copying 1 resource
2019-12-05 12:14:00,806 [Worker-134] INFO  o.e.m.c.i.embedder.EclipseLogger - Copying 0 resource
2019-12-05 12:14:00,819 [Worker-134] INFO  o.e.m.c.i.embedder.EclipseLogger - Using 'UTF-8' encoding to copy filtered resources.
2019-12-05 12:14:00,819 [Worker-134] INFO  o.e.m.c.i.embedder.EclipseLogger - skip non existing resourceDirectory C:\Users\Coalesce\anusha\project\productapp\src\test\resources
2019-12-05 12:16:13,803 [Worker-134] INFO  o.e.m.c.i.embedder.EclipseLogger - Using 'UTF-8' encoding to copy filtered resources.
2019-12-05 12:16:13,804 [Worker-134] INFO  o.e.m.c.i.embedder.EclipseLogger - Copying 1 resource
2019-12-05 12:16:13,807 [Worker-134] INFO  o.e.m.c.i.embedder.EclipseLogger - Copying 0 resource
2019-12-05 12:16:13,809 [Worker-134] INFO  o.e.m.c.i.embedder.EclipseLogger - Using 'UTF-8' encoding to copy filtered resources.
2019-12-05 12:16:13,838 [Worker-134] INFO  o.e.m.c.i.embedder.EclipseLogger - skip non existing resourceDirectory C:\Users\Coalesce\anusha\project\productapp\src\test\resources
2019-12-05 12:21:07,230 [Worker-143] INFO  o.e.m.c.i.embedder.EclipseLogger - Using 'UTF-8' encoding to copy filtered resources.
2019-12-05 12:21:07,239 [Worker-143] INFO  o.e.m.c.i.embedder.EclipseLogger - Copying 1 resource
2019-12-05 12:21:07,250 [Worker-143] INFO  o.e.m.c.i.embedder.EclipseLogger - Copying 0 resource
2019-12-05 12:21:07,259 [Worker-143] INFO  o.e.m.c.i.embedder.EclipseLogger - Using 'UTF-8' encoding to copy filtered resources.
2019-12-05 12:21:07,259 [Worker-143] INFO  o.e.m.c.i.embedder.EclipseLogger - skip non existing resourceDirectory C:\Users\Coalesce\anusha\project\productapp\src\test\resources
2019-12-05 12:21:15,709 [Worker-145] INFO  o.e.m.c.i.embedder.EclipseLogger - Using 'UTF-8' encoding to copy filtered resources.
2019-12-05 12:21:15,709 [Worker-145] INFO  o.e.m.c.i.embedder.EclipseLogger - Copying 1 resource
2019-12-05 12:21:15,718 [Worker-145] INFO  o.e.m.c.i.embedder.EclipseLogger - Copying 0 resource
2019-12-05 12:21:15,724 [Worker-145] INFO  o.e.m.c.i.embedder.EclipseLogger - Using 'UTF-8' encoding to copy filtered resources.
2019-12-05 12:21:15,731 [Worker-145] INFO  o.e.m.c.i.embedder.EclipseLogger - skip non existing resourceDirectory C:\Users\Coalesce\anusha\project\productapp\src\test\resources
2019-12-05 12:21:49,867 [Worker-145] INFO  o.e.m.c.i.embedder.EclipseLogger - Using 'UTF-8' encoding to copy filtered resources.
2019-12-05 12:21:49,912 [Worker-145] INFO  o.e.m.c.i.embedder.EclipseLogger - Copying 1 resource
2019-12-05 12:21:49,924 [Worker-145] INFO  o.e.m.c.i.embedder.EclipseLogger - Copying 0 resource
2019-12-05 12:21:49,933 [Worker-145] INFO  o.e.m.c.i.embedder.EclipseLogger - Using 'UTF-8' encoding to copy filtered resources.
2019-12-05 12:21:49,933 [Worker-145] INFO  o.e.m.c.i.embedder.EclipseLogger - skip non existing resourceDirectory C:\Users\Coalesce\anusha\project\productapp\src\test\resources
2019-12-05 12:23:43,606 [Worker-142] INFO  o.e.m.c.i.embedder.EclipseLogger - Using 'UTF-8' encoding to copy filtered resources.
2019-12-05 12:23:43,607 [Worker-142] INFO  o.e.m.c.i.embedder.EclipseLogger - Copying 1 resource
2019-12-05 12:23:43,609 [Worker-142] INFO  o.e.m.c.i.embedder.EclipseLogger - Copying 0 resource
2019-12-05 12:23:43,611 [Worker-142] INFO  o.e.m.c.i.embedder.EclipseLogger - Using 'UTF-8' encoding to copy filtered resources.
2019-12-05 12:23:43,611 [Worker-142] INFO  o.e.m.c.i.embedder.EclipseLogger - skip non existing resourceDirectory C:\Users\Coalesce\anusha\project\productapp\src\test\resources
2019-12-05 12:24:02,226 [Worker-147] INFO  o.e.m.c.i.embedder.EclipseLogger - Using 'UTF-8' encoding to copy filtered resources.
2019-12-05 12:24:02,228 [Worker-147] INFO  o.e.m.c.i.embedder.EclipseLogger - Copying 1 resource
2019-12-05 12:24:02,229 [Worker-147] INFO  o.e.m.c.i.embedder.EclipseLogger - Copying 0 resource
2019-12-05 12:24:02,266 [Worker-147] INFO  o.e.m.c.i.embedder.EclipseLogger - Using 'UTF-8' encoding to copy filtered resources.
2019-12-05 12:24:02,266 [Worker-147] INFO  o.e.m.c.i.embedder.EclipseLogger - skip non existing resourceDirectory C:\Users\Coalesce\anusha\project\productapp\src\test\resources
2019-12-05 12:24:30,898 [Worker-147] INFO  o.e.m.c.i.embedder.EclipseLogger - Using 'UTF-8' encoding to copy filtered resources.
2019-12-05 12:24:30,898 [Worker-147] INFO  o.e.m.c.i.embedder.EclipseLogger - Copying 1 resource
2019-12-05 12:24:30,909 [Worker-147] INFO  o.e.m.c.i.embedder.EclipseLogger - Copying 0 resource
2019-12-05 12:24:30,916 [Worker-147] INFO  o.e.m.c.i.embedder.EclipseLogger - Using 'UTF-8' encoding to copy filtered resources.
2019-12-05 12:24:30,921 [Worker-147] INFO  o.e.m.c.i.embedder.EclipseLogger - skip non existing resourceDirectory C:\Users\Coalesce\anusha\project\productapp\src\test\resources
2019-12-05 12:25:34,288 [Worker-144] INFO  o.e.m.c.i.embedder.EclipseLogger - Using 'UTF-8' encoding to copy filtered resources.
2019-12-05 12:25:34,296 [Worker-144] INFO  o.e.m.c.i.embedder.EclipseLogger - Copying 1 resource
2019-12-05 12:25:34,302 [Worker-144] INFO  o.e.m.c.i.embedder.EclipseLogger - Copying 0 resource
2019-12-05 12:25:34,309 [Worker-144] INFO  o.e.m.c.i.embedder.EclipseLogger - Using 'UTF-8' encoding to copy filtered resources.
2019-12-05 12:25:34,309 [Worker-144] INFO  o.e.m.c.i.embedder.EclipseLogger - skip non existing resourceDirectory C:\Users\Coalesce\anusha\project\productapp\src\test\resources
2019-12-05 12:25:57,601 [Worker-142] INFO  o.e.m.c.i.embedder.EclipseLogger - Using 'UTF-8' encoding to copy filtered resources.
2019-12-05 12:25:57,602 [Worker-142] INFO  o.e.m.c.i.embedder.EclipseLogger - Copying 1 resource
2019-12-05 12:25:57,604 [Worker-142] INFO  o.e.m.c.i.embedder.EclipseLogger - Copying 0 resource
2019-12-05 12:25:57,606 [Worker-142] INFO  o.e.m.c.i.embedder.EclipseLogger - Using 'UTF-8' encoding to copy filtered resources.
2019-12-05 12:25:57,612 [Worker-142] INFO  o.e.m.c.i.embedder.EclipseLogger - skip non existing resourceDirectory C:\Users\Coalesce\anusha\project\productapp\src\test\resources
2019-12-05 12:26:05,917 [Worker-149] INFO  o.e.m.c.i.embedder.EclipseLogger - Using 'UTF-8' encoding to copy filtered resources.
2019-12-05 12:26:05,928 [Worker-149] INFO  o.e.m.c.i.embedder.EclipseLogger - Copying 1 resource
2019-12-05 12:26:05,940 [Worker-149] INFO  o.e.m.c.i.embedder.EclipseLogger - Copying 0 resource
2019-12-05 12:26:05,950 [Worker-149] INFO  o.e.m.c.i.embedder.EclipseLogger - Using 'UTF-8' encoding to copy filtered resources.
2019-12-05 12:26:05,951 [Worker-149] INFO  o.e.m.c.i.embedder.EclipseLogger - skip non existing resourceDirectory C:\Users\Coalesce\anusha\project\productapp\src\test\resources
2019-12-05 12:29:18,668 [Worker-152] INFO  o.e.m.c.i.embedder.EclipseLogger - Using 'UTF-8' encoding to copy filtered resources.
2019-12-05 12:29:18,668 [Worker-152] INFO  o.e.m.c.i.embedder.EclipseLogger - Copying 1 resource
2019-12-05 12:29:18,676 [Worker-152] INFO  o.e.m.c.i.embedder.EclipseLogger - Copying 0 resource
2019-12-05 12:29:18,682 [Worker-152] INFO  o.e.m.c.i.embedder.EclipseLogger - Using 'UTF-8' encoding to copy filtered resources.
2019-12-05 12:29:18,687 [Worker-152] INFO  o.e.m.c.i.embedder.EclipseLogger - skip non existing resourceDirectory C:\Users\Coalesce\anusha\project\productapp\src\test\resources
2019-12-05 12:29:22,427 [Worker-154] INFO  o.e.m.c.i.embedder.EclipseLogger - Using 'UTF-8' encoding to copy filtered resources.
2019-12-05 12:29:22,432 [Worker-154] INFO  o.e.m.c.i.embedder.EclipseLogger - Copying 1 resource
2019-12-05 12:29:22,438 [Worker-154] INFO  o.e.m.c.i.embedder.EclipseLogger - Copying 0 resource
2019-12-05 12:29:22,443 [Worker-154] INFO  o.e.m.c.i.embedder.EclipseLogger - Using 'UTF-8' encoding to copy filtered resources.
2019-12-05 12:29:22,444 [Worker-154] INFO  o.e.m.c.i.embedder.EclipseLogger - skip non existing resourceDirectory C:\Users\Coalesce\anusha\project\productapp\src\test\resources
2019-12-05 12:29:27,396 [Worker-154] INFO  o.e.m.c.i.embedder.EclipseLogger - Using 'UTF-8' encoding to copy filtered resources.
2019-12-05 12:29:27,396 [Worker-154] INFO  o.e.m.c.i.embedder.EclipseLogger - Copying 1 resource
2019-12-05 12:29:27,398 [Worker-154] INFO  o.e.m.c.i.embedder.EclipseLogger - Copying 0 resource
2019-12-05 12:29:27,399 [Worker-154] INFO  o.e.m.c.i.embedder.EclipseLogger - Using 'UTF-8' encoding to copy filtered resources.
2019-12-05 12:29:27,399 [Worker-154] INFO  o.e.m.c.i.embedder.EclipseLogger - skip non existing resourceDirectory C:\Users\Coalesce\anusha\project\productapp\src\test\resources
2019-12-05 12:30:41,484 [Worker-145] INFO  o.e.m.c.i.embedder.EclipseLogger - Using 'UTF-8' encoding to copy filtered resources.
2019-12-05 12:30:41,485 [Worker-145] INFO  o.e.m.c.i.embedder.EclipseLogger - Copying 1 resource
2019-12-05 12:30:41,486 [Worker-145] INFO  o.e.m.c.i.embedder.EclipseLogger - Copying 0 resource
2019-12-05 12:30:41,493 [Worker-145] INFO  o.e.m.c.i.embedder.EclipseLogger - Using 'UTF-8' encoding to copy filtered resources.
2019-12-05 12:30:41,493 [Worker-145] INFO  o.e.m.c.i.embedder.EclipseLogger - skip non existing resourceDirectory C:\Users\Coalesce\anusha\project\productapp\src\test\resources
2019-12-05 12:34:54,152 [Worker-144] INFO  o.e.m.c.i.embedder.EclipseLogger - Using 'UTF-8' encoding to copy filtered resources.
2019-12-05 12:34:54,153 [Worker-144] INFO  o.e.m.c.i.embedder.EclipseLogger - Copying 1 resource
2019-12-05 12:34:54,178 [Worker-144] INFO  o.e.m.c.i.embedder.EclipseLogger - Copying 0 resource
2019-12-05 12:34:54,184 [Worker-144] INFO  o.e.m.c.i.embedder.EclipseLogger - Using 'UTF-8' encoding to copy filtered resources.
2019-12-05 12:34:54,190 [Worker-144] INFO  o.e.m.c.i.embedder.EclipseLogger - skip non existing resourceDirectory C:\Users\Coalesce\anusha\project\productapp\src\test\resources
2019-12-05 12:34:55,439 [Worker-154] INFO  o.e.m.c.i.embedder.EclipseLogger - Using 'UTF-8' encoding to copy filtered resources.
2019-12-05 12:34:55,447 [Worker-154] INFO  o.e.m.c.i.embedder.EclipseLogger - Copying 1 resource
2019-12-05 12:34:55,454 [Worker-154] INFO  o.e.m.c.i.embedder.EclipseLogger - Copying 0 resource
2019-12-05 12:34:55,460 [Worker-154] INFO  o.e.m.c.i.embedder.EclipseLogger - Using 'UTF-8' encoding to copy filtered resources.
2019-12-05 12:34:55,460 [Worker-154] INFO  o.e.m.c.i.embedder.EclipseLogger - skip non existing resourceDirectory C:\Users\Coalesce\anusha\project\productapp\src\test\resources
2019-12-05 12:36:58,239 [Worker-143] INFO  o.e.m.c.i.embedder.EclipseLogger - Using 'UTF-8' encoding to copy filtered resources.
2019-12-05 12:36:58,239 [Worker-143] INFO  o.e.m.c.i.embedder.EclipseLogger - Copying 1 resource
2019-12-05 12:36:58,241 [Worker-143] INFO  o.e.m.c.i.embedder.EclipseLogger - Copying 0 resource
2019-12-05 12:36:58,242 [Worker-143] INFO  o.e.m.c.i.embedder.EclipseLogger - Using 'UTF-8' encoding to copy filtered resources.
2019-12-05 12:36:58,247 [Worker-143] INFO  o.e.m.c.i.embedder.EclipseLogger - skip non existing resourceDirectory C:\Users\Coalesce\anusha\project\productapp\src\test\resources
2019-12-05 12:37:51,657 [Worker-144] INFO  o.e.m.c.i.embedder.EclipseLogger - Using 'UTF-8' encoding to copy filtered resources.
2019-12-05 12:37:51,665 [Worker-144] INFO  o.e.m.c.i.embedder.EclipseLogger - Copying 1 resource
2019-12-05 12:37:51,672 [Worker-144] INFO  o.e.m.c.i.embedder.EclipseLogger - Copying 0 resource
2019-12-05 12:37:51,679 [Worker-144] INFO  o.e.m.c.i.embedder.EclipseLogger - Using 'UTF-8' encoding to copy filtered resources.
2019-12-05 12:37:51,679 [Worker-144] INFO  o.e.m.c.i.embedder.EclipseLogger - skip non existing resourceDirectory C:\Users\Coalesce\anusha\project\productapp\src\test\resources
2019-12-05 12:38:41,411 [Worker-156] INFO  o.e.m.c.i.embedder.EclipseLogger - Using 'UTF-8' encoding to copy filtered resources.
2019-12-05 12:38:41,411 [Worker-156] INFO  o.e.m.c.i.embedder.EclipseLogger - Copying 1 resource
2019-12-05 12:38:41,429 [Worker-156] INFO  o.e.m.c.i.embedder.EclipseLogger - Copying 0 resource
2019-12-05 12:38:41,434 [Worker-156] INFO  o.e.m.c.i.embedder.EclipseLogger - Using 'UTF-8' encoding to copy filtered resources.
2019-12-05 12:38:41,439 [Worker-156] INFO  o.e.m.c.i.embedder.EclipseLogger - skip non existing resourceDirectory C:\Users\Coalesce\anusha\project\productapp\src\test\resources
2019-12-05 12:38:46,400 [Worker-156] INFO  o.e.m.c.i.embedder.EclipseLogger - Using 'UTF-8' encoding to copy filtered resources.
2019-12-05 12:38:46,410 [Worker-156] INFO  o.e.m.c.i.embedder.EclipseLogger - Copying 1 resource
2019-12-05 12:38:46,420 [Worker-156] INFO  o.e.m.c.i.embedder.EclipseLogger - Copying 0 resource
2019-12-05 12:38:46,429 [Worker-156] INFO  o.e.m.c.i.embedder.EclipseLogger - Using 'UTF-8' encoding to copy filtered resources.
2019-12-05 12:38:46,429 [Worker-156] INFO  o.e.m.c.i.embedder.EclipseLogger - skip non existing resourceDirectory C:\Users\Coalesce\anusha\project\productapp\src\test\resources
2019-12-05 12:42:14,341 [Worker-154] INFO  o.e.m.c.i.embedder.EclipseLogger - Using 'UTF-8' encoding to copy filtered resources.
2019-12-05 12:42:14,353 [Worker-154] INFO  o.e.m.c.i.embedder.EclipseLogger - Copying 1 resource
2019-12-05 12:42:14,355 [Worker-154] INFO  o.e.m.c.i.embedder.EclipseLogger - Copying 0 resource
2019-12-05 12:42:14,357 [Worker-154] INFO  o.e.m.c.i.embedder.EclipseLogger - Using 'UTF-8' encoding to copy filtered resources.
2019-12-05 12:42:14,357 [Worker-154] INFO  o.e.m.c.i.embedder.EclipseLogger - skip non existing resourceDirectory C:\Users\Coalesce\anusha\project\productapp\src\test\resources
2019-12-05 12:43:48,035 [Worker-161] INFO  o.e.m.c.i.embedder.EclipseLogger - Using 'UTF-8' encoding to copy filtered resources.
2019-12-05 12:43:48,035 [Worker-161] INFO  o.e.m.c.i.embedder.EclipseLogger - Copying 1 resource
2019-12-05 12:43:48,038 [Worker-161] INFO  o.e.m.c.i.embedder.EclipseLogger - Copying 0 resource
2019-12-05 12:43:48,087 [Worker-161] INFO  o.e.m.c.i.embedder.EclipseLogger - Using 'UTF-8' encoding to copy filtered resources.
2019-12-05 12:43:48,087 [Worker-161] INFO  o.e.m.c.i.embedder.EclipseLogger - skip non existing resourceDirectory C:\Users\Coalesce\anusha\project\productapp\src\test\resources
2019-12-05 12:43:50,228 [Worker-163] INFO  o.e.m.c.i.embedder.EclipseLogger - Using 'UTF-8' encoding to copy filtered resources.
2019-12-05 12:43:50,229 [Worker-163] INFO  o.e.m.c.i.embedder.EclipseLogger - Copying 1 resource
2019-12-05 12:43:50,235 [Worker-163] INFO  o.e.m.c.i.embedder.EclipseLogger - Copying 0 resource
2019-12-05 12:43:50,241 [Worker-163] INFO  o.e.m.c.i.embedder.EclipseLogger - Using 'UTF-8' encoding to copy filtered resources.
2019-12-05 12:43:50,248 [Worker-163] INFO  o.e.m.c.i.embedder.EclipseLogger - skip non existing resourceDirectory C:\Users\Coalesce\anusha\project\productapp\src\test\resources
2019-12-05 12:43:57,891 [Worker-154] INFO  o.e.m.c.i.embedder.EclipseLogger - Using 'UTF-8' encoding to copy filtered resources.
2019-12-05 12:43:57,897 [Worker-154] INFO  o.e.m.c.i.embedder.EclipseLogger - Copying 1 resource
2019-12-05 12:43:57,902 [Worker-154] INFO  o.e.m.c.i.embedder.EclipseLogger - Copying 0 resource
2019-12-05 12:43:57,908 [Worker-154] INFO  o.e.m.c.i.embedder.EclipseLogger - Using 'UTF-8' encoding to copy filtered resources.
2019-12-05 12:43:57,908 [Worker-154] INFO  o.e.m.c.i.embedder.EclipseLogger - skip non existing resourceDirectory C:\Users\Coalesce\anusha\project\productapp\src\test\resources
2019-12-05 12:44:07,270 [Worker-167] INFO  o.e.m.c.i.embedder.EclipseLogger - Using 'UTF-8' encoding to copy filtered resources.
2019-12-05 12:44:07,270 [Worker-167] INFO  o.e.m.c.i.embedder.EclipseLogger - Copying 1 resource
2019-12-05 12:44:07,272 [Worker-167] INFO  o.e.m.c.i.embedder.EclipseLogger - Copying 0 resource
2019-12-05 12:44:07,273 [Worker-167] INFO  o.e.m.c.i.embedder.EclipseLogger - Using 'UTF-8' encoding to copy filtered resources.
2019-12-05 12:44:07,284 [Worker-167] INFO  o.e.m.c.i.embedder.EclipseLogger - skip non existing resourceDirectory C:\Users\Coalesce\anusha\project\productapp\src\test\resources
2019-12-05 12:44:15,303 [Worker-163] INFO  o.e.m.c.i.embedder.EclipseLogger - Using 'UTF-8' encoding to copy filtered resources.
2019-12-05 12:44:15,311 [Worker-163] INFO  o.e.m.c.i.embedder.EclipseLogger - Copying 1 resource
2019-12-05 12:44:15,321 [Worker-163] INFO  o.e.m.c.i.embedder.EclipseLogger - Copying 0 resource
2019-12-05 12:44:15,330 [Worker-163] INFO  o.e.m.c.i.embedder.EclipseLogger - Using 'UTF-8' encoding to copy filtered resources.
2019-12-05 12:44:15,331 [Worker-163] INFO  o.e.m.c.i.embedder.EclipseLogger - skip non existing resourceDirectory C:\Users\Coalesce\anusha\project\productapp\src\test\resources
2019-12-05 12:54:08,300 [Worker-169] INFO  o.e.m.c.i.embedder.EclipseLogger - Using 'UTF-8' encoding to copy filtered resources.
2019-12-05 12:54:08,330 [Worker-169] INFO  o.e.m.c.i.embedder.EclipseLogger - Copying 1 resource
2019-12-05 12:54:08,384 [Worker-169] INFO  o.e.m.c.i.embedder.EclipseLogger - Copying 0 resource
2019-12-05 12:54:08,389 [Worker-169] INFO  o.e.m.c.i.embedder.EclipseLogger - Using 'UTF-8' encoding to copy filtered resources.
2019-12-05 12:54:08,394 [Worker-169] INFO  o.e.m.c.i.embedder.EclipseLogger - skip non existing resourceDirectory C:\Users\Coalesce\anusha\project\productapp\src\test\resources
2019-12-05 12:55:09,456 [Worker-167] INFO  o.e.m.c.i.embedder.EclipseLogger - Using 'UTF-8' encoding to copy filtered resources.
2019-12-05 12:55:09,527 [Worker-167] INFO  o.e.m.c.i.embedder.EclipseLogger - Copying 1 resource
2019-12-05 12:55:09,538 [Worker-167] INFO  o.e.m.c.i.embedder.EclipseLogger - Copying 0 resource
2019-12-05 12:55:09,547 [Worker-167] INFO  o.e.m.c.i.embedder.EclipseLogger - Using 'UTF-8' encoding to copy filtered resources.
2019-12-05 12:55:09,548 [Worker-167] INFO  o.e.m.c.i.embedder.EclipseLogger - skip non existing resourceDirectory C:\Users\Coalesce\anusha\project\productapp\src\test\resources
2019-12-05 12:55:39,814 [Worker-167] INFO  o.e.m.c.i.embedder.EclipseLogger - Using 'UTF-8' encoding to copy filtered resources.
2019-12-05 12:55:39,814 [Worker-167] INFO  o.e.m.c.i.embedder.EclipseLogger - Copying 1 resource
2019-12-05 12:55:39,817 [Worker-167] INFO  o.e.m.c.i.embedder.EclipseLogger - Copying 0 resource
2019-12-05 12:55:39,819 [Worker-167] INFO  o.e.m.c.i.embedder.EclipseLogger - Using 'UTF-8' encoding to copy filtered resources.
2019-12-05 12:55:39,819 [Worker-167] INFO  o.e.m.c.i.embedder.EclipseLogger - skip non existing resourceDirectory C:\Users\Coalesce\anusha\project\productapp\src\test\resources
2019-12-05 12:56:57,536 [Worker-167] INFO  o.e.m.c.i.embedder.EclipseLogger - Using 'UTF-8' encoding to copy filtered resources.
2019-12-05 12:56:57,538 [Worker-167] INFO  o.e.m.c.i.embedder.EclipseLogger - Copying 1 resource
2019-12-05 12:56:57,544 [Worker-167] INFO  o.e.m.c.i.embedder.EclipseLogger - Copying 0 resource
2019-12-05 12:56:57,600 [Worker-167] INFO  o.e.m.c.i.embedder.EclipseLogger - Using 'UTF-8' encoding to copy filtered resources.
2019-12-05 12:56:57,600 [Worker-167] INFO  o.e.m.c.i.embedder.EclipseLogger - skip non existing resourceDirectory C:\Users\Coalesce\anusha\project\productapp\src\test\resources
2019-12-05 12:58:55,607 [Worker-169] INFO  o.e.m.c.i.embedder.EclipseLogger - Using 'UTF-8' encoding to copy filtered resources.
2019-12-05 12:58:55,608 [Worker-169] INFO  o.e.m.c.i.embedder.EclipseLogger - Copying 1 resource
2019-12-05 12:58:55,622 [Worker-169] INFO  o.e.m.c.i.embedder.EclipseLogger - Copying 0 resource
2019-12-05 12:58:55,630 [Worker-169] INFO  o.e.m.c.i.embedder.EclipseLogger - Using 'UTF-8' encoding to copy filtered resources.
2019-12-05 12:58:55,636 [Worker-169] INFO  o.e.m.c.i.embedder.EclipseLogger - skip non existing resourceDirectory C:\Users\Coalesce\anusha\project\productapp\src\test\resources
2019-12-05 13:00:59,994 [Worker-176] INFO  o.e.m.c.i.embedder.EclipseLogger - Using 'UTF-8' encoding to copy filtered resources.
2019-12-05 13:01:00,003 [Worker-176] INFO  o.e.m.c.i.embedder.EclipseLogger - Copying 1 resource
2019-12-05 13:01:00,011 [Worker-176] INFO  o.e.m.c.i.embedder.EclipseLogger - Copying 0 resource
2019-12-05 13:01:00,017 [Worker-176] INFO  o.e.m.c.i.embedder.EclipseLogger - Using 'UTF-8' encoding to copy filtered resources.
2019-12-05 13:01:00,017 [Worker-176] INFO  o.e.m.c.i.embedder.EclipseLogger - skip non existing resourceDirectory C:\Users\Coalesce\anusha\project\productapp\src\test\resources
2019-12-05 13:01:13,679 [Worker-178] INFO  o.e.m.c.i.embedder.EclipseLogger - Using 'UTF-8' encoding to copy filtered resources.
2019-12-05 13:01:13,680 [Worker-178] INFO  o.e.m.c.i.embedder.EclipseLogger - Copying 1 resource
2019-12-05 13:01:13,682 [Worker-178] INFO  o.e.m.c.i.embedder.EclipseLogger - Copying 0 resource
2019-12-05 13:01:13,683 [Worker-178] INFO  o.e.m.c.i.embedder.EclipseLogger - Using 'UTF-8' encoding to copy filtered resources.
2019-12-05 13:01:13,689 [Worker-178] INFO  o.e.m.c.i.embedder.EclipseLogger - skip non existing resourceDirectory C:\Users\Coalesce\anusha\project\productapp\src\test\resources
2019-12-05 13:01:18,339 [Worker-180] INFO  o.e.m.c.i.embedder.EclipseLogger - Using 'UTF-8' encoding to copy filtered resources.
2019-12-05 13:01:18,345 [Worker-180] INFO  o.e.m.c.i.embedder.EclipseLogger - Copying 1 resource
2019-12-05 13:01:18,351 [Worker-180] INFO  o.e.m.c.i.embedder.EclipseLogger - Copying 0 resource
2019-12-05 13:01:18,356 [Worker-180] INFO  o.e.m.c.i.embedder.EclipseLogger - Using 'UTF-8' encoding to copy filtered resources.
2019-12-05 13:01:18,356 [Worker-180] INFO  o.e.m.c.i.embedder.EclipseLogger - skip non existing resourceDirectory C:\Users\Coalesce\anusha\project\productapp\src\test\resources
2019-12-05 13:04:14,261 [Worker-181] INFO  o.e.m.c.i.embedder.EclipseLogger - Using 'UTF-8' encoding to copy filtered resources.
2019-12-05 13:04:14,261 [Worker-181] INFO  o.e.m.c.i.embedder.EclipseLogger - Copying 1 resource
2019-12-05 13:04:14,267 [Worker-181] INFO  o.e.m.c.i.embedder.EclipseLogger - Copying 0 resource
2019-12-05 13:04:14,273 [Worker-181] INFO  o.e.m.c.i.embedder.EclipseLogger - Using 'UTF-8' encoding to copy filtered resources.
2019-12-05 13:04:14,277 [Worker-181] INFO  o.e.m.c.i.embedder.EclipseLogger - skip non existing resourceDirectory C:\Users\Coalesce\anusha\project\productapp\src\test\resources
2019-12-05 13:08:00,141 [Worker-183] INFO  o.e.m.c.i.embedder.EclipseLogger - Using 'UTF-8' encoding to copy filtered resources.
2019-12-05 13:08:00,201 [Worker-183] INFO  o.e.m.c.i.embedder.EclipseLogger - Copying 1 resource
2019-12-05 13:08:00,212 [Worker-183] INFO  o.e.m.c.i.embedder.EclipseLogger - Copying 0 resource
2019-12-05 13:08:00,220 [Worker-183] INFO  o.e.m.c.i.embedder.EclipseLogger - Using 'UTF-8' encoding to copy filtered resources.
2019-12-05 13:08:00,220 [Worker-183] INFO  o.e.m.c.i.embedder.EclipseLogger - skip non existing resourceDirectory C:\Users\Coalesce\anusha\project\productapp\src\test\resources
2019-12-05 13:08:19,513 [Worker-182] INFO  o.e.m.c.i.embedder.EclipseLogger - Using 'UTF-8' encoding to copy filtered resources.
2019-12-05 13:08:19,513 [Worker-182] INFO  o.e.m.c.i.embedder.EclipseLogger - Copying 1 resource
2019-12-05 13:08:19,515 [Worker-182] INFO  o.e.m.c.i.embedder.EclipseLogger - Copying 0 resource
2019-12-05 13:08:19,516 [Worker-182] INFO  o.e.m.c.i.embedder.EclipseLogger - Using 'UTF-8' encoding to copy filtered resources.
2019-12-05 13:08:19,516 [Worker-182] INFO  o.e.m.c.i.embedder.EclipseLogger - skip non existing resourceDirectory C:\Users\Coalesce\anusha\project\productapp\src\test\resources
2019-12-05 13:10:35,810 [Worker-181] INFO  o.e.m.c.i.embedder.EclipseLogger - Using 'UTF-8' encoding to copy filtered resources.
2019-12-05 13:10:35,811 [Worker-181] INFO  o.e.m.c.i.embedder.EclipseLogger - Copying 1 resource
2019-12-05 13:10:35,813 [Worker-181] INFO  o.e.m.c.i.embedder.EclipseLogger - Copying 0 resource
2019-12-05 13:10:35,820 [Worker-181] INFO  o.e.m.c.i.embedder.EclipseLogger - Using 'UTF-8' encoding to copy filtered resources.
2019-12-05 13:10:35,820 [Worker-181] INFO  o.e.m.c.i.embedder.EclipseLogger - skip non existing resourceDirectory C:\Users\Coalesce\anusha\project\productapp\src\test\resources
2019-12-05 13:10:42,230 [Worker-187] INFO  o.e.m.c.i.embedder.EclipseLogger - Using 'UTF-8' encoding to copy filtered resources.
2019-12-05 13:10:42,230 [Worker-187] INFO  o.e.m.c.i.embedder.EclipseLogger - Copying 1 resource
2019-12-05 13:10:42,238 [Worker-187] INFO  o.e.m.c.i.embedder.EclipseLogger - Copying 0 resource
2019-12-05 13:10:42,246 [Worker-187] INFO  o.e.m.c.i.embedder.EclipseLogger - Using 'UTF-8' encoding to copy filtered resources.
2019-12-05 13:10:42,250 [Worker-187] INFO  o.e.m.c.i.embedder.EclipseLogger - skip non existing resourceDirectory C:\Users\Coalesce\anusha\project\productapp\src\test\resources
2019-12-05 13:12:18,053 [Worker-187] INFO  o.e.m.c.i.embedder.EclipseLogger - Using 'UTF-8' encoding to copy filtered resources.
2019-12-05 13:12:18,063 [Worker-187] INFO  o.e.m.c.i.embedder.EclipseLogger - Copying 1 resource
2019-12-05 13:12:18,070 [Worker-187] INFO  o.e.m.c.i.embedder.EclipseLogger - Copying 0 resource
2019-12-05 13:12:18,076 [Worker-187] INFO  o.e.m.c.i.embedder.EclipseLogger - Using 'UTF-8' encoding to copy filtered resources.
2019-12-05 13:12:18,076 [Worker-187] INFO  o.e.m.c.i.embedder.EclipseLogger - skip non existing resourceDirectory C:\Users\Coalesce\anusha\project\productapp\src\test\resources
2019-12-05 13:12:28,814 [Worker-181] INFO  o.e.m.c.i.embedder.EclipseLogger - Using 'UTF-8' encoding to copy filtered resources.
2019-12-05 13:12:28,814 [Worker-181] INFO  o.e.m.c.i.embedder.EclipseLogger - Copying 1 resource
2019-12-05 13:12:28,815 [Worker-181] INFO  o.e.m.c.i.embedder.EclipseLogger - Copying 0 resource
2019-12-05 13:12:28,816 [Worker-181] INFO  o.e.m.c.i.embedder.EclipseLogger - Using 'UTF-8' encoding to copy filtered resources.
2019-12-05 13:12:28,821 [Worker-181] INFO  o.e.m.c.i.embedder.EclipseLogger - skip non existing resourceDirectory C:\Users\Coalesce\anusha\project\productapp\src\test\resources
2019-12-05 13:15:35,981 [Worker-193] INFO  o.e.m.c.i.embedder.EclipseLogger - Using 'UTF-8' encoding to copy filtered resources.
2019-12-05 13:15:36,016 [Worker-193] INFO  o.e.m.c.i.embedder.EclipseLogger - Copying 1 resource
2019-12-05 13:15:36,022 [Worker-193] INFO  o.e.m.c.i.embedder.EclipseLogger - Copying 0 resource
2019-12-05 13:15:36,028 [Worker-193] INFO  o.e.m.c.i.embedder.EclipseLogger - Using 'UTF-8' encoding to copy filtered resources.
2019-12-05 13:15:36,028 [Worker-193] INFO  o.e.m.c.i.embedder.EclipseLogger - skip non existing resourceDirectory C:\Users\Coalesce\anusha\project\productapp\src\test\resources
2019-12-05 13:15:42,985 [Worker-191] INFO  o.e.m.c.i.embedder.EclipseLogger - Using 'UTF-8' encoding to copy filtered resources.
2019-12-05 13:15:42,985 [Worker-191] INFO  o.e.m.c.i.embedder.EclipseLogger - Copying 1 resource
2019-12-05 13:15:42,992 [Worker-191] INFO  o.e.m.c.i.embedder.EclipseLogger - Copying 0 resource
2019-12-05 13:15:43,007 [Worker-191] INFO  o.e.m.c.i.embedder.EclipseLogger - Using 'UTF-8' encoding to copy filtered resources.
2019-12-05 13:15:43,012 [Worker-191] INFO  o.e.m.c.i.embedder.EclipseLogger - skip non existing resourceDirectory C:\Users\Coalesce\anusha\project\productapp\src\test\resources
2019-12-05 13:16:13,797 [Worker-182] INFO  o.e.m.c.i.embedder.EclipseLogger - Using 'UTF-8' encoding to copy filtered resources.
2019-12-05 13:16:13,847 [Worker-182] INFO  o.e.m.c.i.embedder.EclipseLogger - Copying 1 resource
2019-12-05 13:16:13,854 [Worker-182] INFO  o.e.m.c.i.embedder.EclipseLogger - Copying 0 resource
2019-12-05 13:16:13,860 [Worker-182] INFO  o.e.m.c.i.embedder.EclipseLogger - Using 'UTF-8' encoding to copy filtered resources.
2019-12-05 13:16:13,860 [Worker-182] INFO  o.e.m.c.i.embedder.EclipseLogger - skip non existing resourceDirectory C:\Users\Coalesce\anusha\project\productapp\src\test\resources
2019-12-05 13:17:24,219 [Worker-194] INFO  o.e.m.c.i.embedder.EclipseLogger - Using 'UTF-8' encoding to copy filtered resources.
2019-12-05 13:17:24,219 [Worker-194] INFO  o.e.m.c.i.embedder.EclipseLogger - Copying 1 resource
2019-12-05 13:17:24,221 [Worker-194] INFO  o.e.m.c.i.embedder.EclipseLogger - Copying 0 resource
2019-12-05 13:17:24,222 [Worker-194] INFO  o.e.m.c.i.embedder.EclipseLogger - Using 'UTF-8' encoding to copy filtered resources.
2019-12-05 13:17:24,222 [Worker-194] INFO  o.e.m.c.i.embedder.EclipseLogger - skip non existing resourceDirectory C:\Users\Coalesce\anusha\project\productapp\src\test\resources
2019-12-05 13:18:43,694 [Worker-135] INFO  o.e.m.c.i.embedder.EclipseLogger - Using 'UTF-8' encoding to copy filtered resources.
2019-12-05 13:18:43,694 [Worker-135] INFO  o.e.m.c.i.embedder.EclipseLogger - Copying 1 resource
2019-12-05 13:18:43,696 [Worker-135] INFO  o.e.m.c.i.embedder.EclipseLogger - Copying 0 resource
2019-12-05 13:18:43,701 [Worker-135] INFO  o.e.m.c.i.embedder.EclipseLogger - Using 'UTF-8' encoding to copy filtered resources.
2019-12-05 13:18:43,701 [Worker-135] INFO  o.e.m.c.i.embedder.EclipseLogger - skip non existing resourceDirectory C:\Users\Coalesce\anusha\project\productapp\src\test\resources
2019-12-05 13:19:01,911 [Worker-195] INFO  o.e.m.c.i.embedder.EclipseLogger - Using 'UTF-8' encoding to copy filtered resources.
2019-12-05 13:19:01,912 [Worker-195] INFO  o.e.m.c.i.embedder.EclipseLogger - Copying 1 resource
2019-12-05 13:19:01,924 [Worker-195] INFO  o.e.m.c.i.embedder.EclipseLogger - Copying 0 resource
2019-12-05 13:19:01,931 [Worker-195] INFO  o.e.m.c.i.embedder.EclipseLogger - Using 'UTF-8' encoding to copy filtered resources.
2019-12-05 13:19:01,936 [Worker-195] INFO  o.e.m.c.i.embedder.EclipseLogger - skip non existing resourceDirectory C:\Users\Coalesce\anusha\project\productapp\src\test\resources
2019-12-05 13:19:12,451 [Worker-182] INFO  o.e.m.c.i.embedder.EclipseLogger - Using 'UTF-8' encoding to copy filtered resources.
2019-12-05 13:19:12,459 [Worker-182] INFO  o.e.m.c.i.embedder.EclipseLogger - Copying 1 resource
2019-12-05 13:19:12,465 [Worker-182] INFO  o.e.m.c.i.embedder.EclipseLogger - Copying 0 resource
2019-12-05 13:19:12,472 [Worker-182] INFO  o.e.m.c.i.embedder.EclipseLogger - Using 'UTF-8' encoding to copy filtered resources.
2019-12-05 13:19:12,472 [Worker-182] INFO  o.e.m.c.i.embedder.EclipseLogger - skip non existing resourceDirectory C:\Users\Coalesce\anusha\project\productapp\src\test\resources
2019-12-05 13:54:00,615 [Worker-208] INFO  o.e.m.c.i.embedder.EclipseLogger - Using 'UTF-8' encoding to copy filtered resources.
2019-12-05 13:54:00,631 [Worker-208] INFO  o.e.m.c.i.embedder.EclipseLogger - Copying 1 resource
2019-12-05 13:54:00,634 [Worker-208] INFO  o.e.m.c.i.embedder.EclipseLogger - Copying 0 resource
2019-12-05 13:54:00,636 [Worker-208] INFO  o.e.m.c.i.embedder.EclipseLogger - Using 'UTF-8' encoding to copy filtered resources.
2019-12-05 13:54:00,717 [Worker-208] INFO  o.e.m.c.i.embedder.EclipseLogger - skip non existing resourceDirectory C:\Users\Coalesce\anusha\project\productapp\src\test\resources
2019-12-05 13:54:34,577 [Worker-215] INFO  o.e.m.c.i.embedder.EclipseLogger - Using 'UTF-8' encoding to copy filtered resources.
2019-12-05 13:54:34,659 [Worker-215] INFO  o.e.m.c.i.embedder.EclipseLogger - Copying 1 resource
2019-12-05 13:54:34,672 [Worker-215] INFO  o.e.m.c.i.embedder.EclipseLogger - Copying 0 resource
2019-12-05 13:54:34,684 [Worker-215] INFO  o.e.m.c.i.embedder.EclipseLogger - Using 'UTF-8' encoding to copy filtered resources.
2019-12-05 13:54:34,684 [Worker-215] INFO  o.e.m.c.i.embedder.EclipseLogger - skip non existing resourceDirectory C:\Users\Coalesce\anusha\project\productapp\src\test\resources
2019-12-05 14:05:45,348 [Worker-220] INFO  o.e.m.c.i.embedder.EclipseLogger - Using 'UTF-8' encoding to copy filtered resources.
2019-12-05 14:05:45,348 [Worker-220] INFO  o.e.m.c.i.embedder.EclipseLogger - Copying 1 resource
2019-12-05 14:05:45,398 [Worker-220] INFO  o.e.m.c.i.embedder.EclipseLogger - Copying 0 resource
2019-12-05 14:05:45,404 [Worker-220] INFO  o.e.m.c.i.embedder.EclipseLogger - Using 'UTF-8' encoding to copy filtered resources.
2019-12-05 14:05:45,408 [Worker-220] INFO  o.e.m.c.i.embedder.EclipseLogger - skip non existing resourceDirectory C:\Users\Coalesce\anusha\project\productapp\src\test\resources
2019-12-05 14:06:06,478 [Worker-221] INFO  o.e.m.c.i.embedder.EclipseLogger - Using 'UTF-8' encoding to copy filtered resources.
2019-12-05 14:06:06,485 [Worker-221] INFO  o.e.m.c.i.embedder.EclipseLogger - Copying 1 resource
2019-12-05 14:06:06,491 [Worker-221] INFO  o.e.m.c.i.embedder.EclipseLogger - Copying 0 resource
2019-12-05 14:06:06,497 [Worker-221] INFO  o.e.m.c.i.embedder.EclipseLogger - Using 'UTF-8' encoding to copy filtered resources.
2019-12-05 14:06:06,497 [Worker-221] INFO  o.e.m.c.i.embedder.EclipseLogger - skip non existing resourceDirectory C:\Users\Coalesce\anusha\project\productapp\src\test\resources
2019-12-05 14:06:10,417 [Worker-210] INFO  o.e.m.c.i.embedder.EclipseLogger - Using 'UTF-8' encoding to copy filtered resources.
2019-12-05 14:06:10,417 [Worker-210] INFO  o.e.m.c.i.embedder.EclipseLogger - Copying 1 resource
2019-12-05 14:06:10,419 [Worker-210] INFO  o.e.m.c.i.embedder.EclipseLogger - Copying 0 resource
2019-12-05 14:06:10,420 [Worker-210] INFO  o.e.m.c.i.embedder.EclipseLogger - Using 'UTF-8' encoding to copy filtered resources.
2019-12-05 14:06:10,420 [Worker-210] INFO  o.e.m.c.i.embedder.EclipseLogger - skip non existing resourceDirectory C:\Users\Coalesce\anusha\project\productapp\src\test\resources
2019-12-05 14:06:21,797 [Worker-221] INFO  o.e.m.c.i.embedder.EclipseLogger - Using 'UTF-8' encoding to copy filtered resources.
2019-12-05 14:06:21,798 [Worker-221] INFO  o.e.m.c.i.embedder.EclipseLogger - Copying 1 resource
2019-12-05 14:06:21,799 [Worker-221] INFO  o.e.m.c.i.embedder.EclipseLogger - Copying 0 resource
2019-12-05 14:06:21,805 [Worker-221] INFO  o.e.m.c.i.embedder.EclipseLogger - Using 'UTF-8' encoding to copy filtered resources.
2019-12-05 14:06:21,805 [Worker-221] INFO  o.e.m.c.i.embedder.EclipseLogger - skip non existing resourceDirectory C:\Users\Coalesce\anusha\project\productapp\src\test\resources
2019-12-05 14:07:11,546 [Worker-219] INFO  o.e.m.c.i.embedder.EclipseLogger - Using 'UTF-8' encoding to copy filtered resources.
2019-12-05 14:07:11,546 [Worker-219] INFO  o.e.m.c.i.embedder.EclipseLogger - Copying 1 resource
2019-12-05 14:07:11,557 [Worker-219] INFO  o.e.m.c.i.embedder.EclipseLogger - Copying 0 resource
2019-12-05 14:07:11,567 [Worker-219] INFO  o.e.m.c.i.embedder.EclipseLogger - Using 'UTF-8' encoding to copy filtered resources.
2019-12-05 14:07:11,573 [Worker-219] INFO  o.e.m.c.i.embedder.EclipseLogger - skip non existing resourceDirectory C:\Users\Coalesce\anusha\project\productapp\src\test\resources
2019-12-05 14:30:30,404 [Worker-228] INFO  o.e.m.c.i.embedder.EclipseLogger - Using 'UTF-8' encoding to copy filtered resources.
2019-12-05 14:30:30,405 [Worker-228] INFO  o.e.m.c.i.embedder.EclipseLogger - Copying 1 resource
2019-12-05 14:30:30,465 [Worker-228] INFO  o.e.m.c.i.embedder.EclipseLogger - Copying 0 resource
2019-12-05 14:30:30,471 [Worker-228] INFO  o.e.m.c.i.embedder.EclipseLogger - Using 'UTF-8' encoding to copy filtered resources.
2019-12-05 14:30:30,471 [Worker-228] INFO  o.e.m.c.i.embedder.EclipseLogger - skip non existing resourceDirectory C:\Users\Coalesce\anusha\project\productapp\src\test\resources
2019-12-05 14:30:32,734 [Worker-230] INFO  o.e.m.c.i.embedder.EclipseLogger - Using 'UTF-8' encoding to copy filtered resources.
2019-12-05 14:30:32,734 [Worker-230] INFO  o.e.m.c.i.embedder.EclipseLogger - Copying 1 resource
2019-12-05 14:30:32,736 [Worker-230] INFO  o.e.m.c.i.embedder.EclipseLogger - Copying 0 resource
2019-12-05 14:30:32,737 [Worker-230] INFO  o.e.m.c.i.embedder.EclipseLogger - Using 'UTF-8' encoding to copy filtered resources.
2019-12-05 14:30:32,813 [Worker-230] INFO  o.e.m.c.i.embedder.EclipseLogger - skip non existing resourceDirectory C:\Users\Coalesce\anusha\project\productapp\src\test\resources
2019-12-05 14:30:34,094 [Worker-228] INFO  o.e.m.c.i.embedder.EclipseLogger - Using 'UTF-8' encoding to copy filtered resources.
2019-12-05 14:30:34,160 [Worker-228] INFO  o.e.m.c.i.embedder.EclipseLogger - Copying 1 resource
2019-12-05 14:30:34,165 [Worker-228] INFO  o.e.m.c.i.embedder.EclipseLogger - Copying 0 resource
2019-12-05 14:30:34,171 [Worker-228] INFO  o.e.m.c.i.embedder.EclipseLogger - Using 'UTF-8' encoding to copy filtered resources.
2019-12-05 14:30:34,171 [Worker-228] INFO  o.e.m.c.i.embedder.EclipseLogger - skip non existing resourceDirectory C:\Users\Coalesce\anusha\project\productapp\src\test\resources
2019-12-05 14:32:05,819 [Worker-221] INFO  o.e.m.c.i.embedder.EclipseLogger - Using 'UTF-8' encoding to copy filtered resources.
2019-12-05 14:32:05,819 [Worker-221] INFO  o.e.m.c.i.embedder.EclipseLogger - Copying 1 resource
2019-12-05 14:32:05,882 [Worker-221] INFO  o.e.m.c.i.embedder.EclipseLogger - Copying 0 resource
2019-12-05 14:32:05,888 [Worker-221] INFO  o.e.m.c.i.embedder.EclipseLogger - Using 'UTF-8' encoding to copy filtered resources.
2019-12-05 14:32:05,892 [Worker-221] INFO  o.e.m.c.i.embedder.EclipseLogger - skip non existing resourceDirectory C:\Users\Coalesce\anusha\project\productapp\src\test\resources
2019-12-05 14:40:52,796 [Worker-236] INFO  o.e.m.c.i.embedder.EclipseLogger - Using 'UTF-8' encoding to copy filtered resources.
2019-12-05 14:40:52,874 [Worker-236] INFO  o.e.m.c.i.embedder.EclipseLogger - Copying 1 resource
2019-12-05 14:40:52,882 [Worker-236] INFO  o.e.m.c.i.embedder.EclipseLogger - Copying 0 resource
2019-12-05 14:40:52,887 [Worker-236] INFO  o.e.m.c.i.embedder.EclipseLogger - Using 'UTF-8' encoding to copy filtered resources.
2019-12-05 14:40:52,887 [Worker-236] INFO  o.e.m.c.i.embedder.EclipseLogger - skip non existing resourceDirectory C:\Users\Coalesce\anusha\project\productapp\src\test\resources
2019-12-05 14:41:29,610 [Worker-241] INFO  o.e.m.c.i.embedder.EclipseLogger - Using 'UTF-8' encoding to copy filtered resources.
2019-12-05 14:41:29,611 [Worker-241] INFO  o.e.m.c.i.embedder.EclipseLogger - Copying 1 resource
2019-12-05 14:41:29,612 [Worker-241] INFO  o.e.m.c.i.embedder.EclipseLogger - Copying 0 resource
2019-12-05 14:41:29,613 [Worker-241] INFO  o.e.m.c.i.embedder.EclipseLogger - Using 'UTF-8' encoding to copy filtered resources.
2019-12-05 14:41:29,613 [Worker-241] INFO  o.e.m.c.i.embedder.EclipseLogger - skip non existing resourceDirectory C:\Users\Coalesce\anusha\project\productapp\src\test\resources
2019-12-05 14:42:19,707 [Worker-238] INFO  o.e.m.c.i.embedder.EclipseLogger - Using 'UTF-8' encoding to copy filtered resources.
2019-12-05 14:42:19,708 [Worker-238] INFO  o.e.m.c.i.embedder.EclipseLogger - Copying 1 resource
2019-12-05 14:42:19,711 [Worker-238] INFO  o.e.m.c.i.embedder.EclipseLogger - Copying 0 resource
2019-12-05 14:42:19,723 [Worker-238] INFO  o.e.m.c.i.embedder.EclipseLogger - Using 'UTF-8' encoding to copy filtered resources.
2019-12-05 14:42:19,723 [Worker-238] INFO  o.e.m.c.i.embedder.EclipseLogger - skip non existing resourceDirectory C:\Users\Coalesce\anusha\project\productapp\src\test\resources
2019-12-05 14:42:25,875 [Worker-238] INFO  o.e.m.c.i.embedder.EclipseLogger - Using 'UTF-8' encoding to copy filtered resources.
2019-12-05 14:42:25,876 [Worker-238] INFO  o.e.m.c.i.embedder.EclipseLogger - Copying 1 resource
2019-12-05 14:42:25,882 [Worker-238] INFO  o.e.m.c.i.embedder.EclipseLogger - Copying 0 resource
2019-12-05 14:42:25,889 [Worker-238] INFO  o.e.m.c.i.embedder.EclipseLogger - Using 'UTF-8' encoding to copy filtered resources.
2019-12-05 14:42:25,894 [Worker-238] INFO  o.e.m.c.i.embedder.EclipseLogger - skip non existing resourceDirectory C:\Users\Coalesce\anusha\project\productapp\src\test\resources
2019-12-05 14:42:40,400 [Worker-245] INFO  o.e.m.c.i.embedder.EclipseLogger - Using 'UTF-8' encoding to copy filtered resources.
2019-12-05 14:42:40,407 [Worker-245] INFO  o.e.m.c.i.embedder.EclipseLogger - Copying 1 resource
2019-12-05 14:42:40,413 [Worker-245] INFO  o.e.m.c.i.embedder.EclipseLogger - Copying 0 resource
2019-12-05 14:42:40,419 [Worker-245] INFO  o.e.m.c.i.embedder.EclipseLogger - Using 'UTF-8' encoding to copy filtered resources.
2019-12-05 14:42:40,430 [Worker-245] INFO  o.e.m.c.i.embedder.EclipseLogger - skip non existing resourceDirectory C:\Users\Coalesce\anusha\project\productapp\src\test\resources
2019-12-05 14:43:09,086 [Worker-246] INFO  o.e.m.c.i.embedder.EclipseLogger - Using 'UTF-8' encoding to copy filtered resources.
2019-12-05 14:43:09,086 [Worker-246] INFO  o.e.m.c.i.embedder.EclipseLogger - Copying 1 resource
2019-12-05 14:43:09,087 [Worker-246] INFO  o.e.m.c.i.embedder.EclipseLogger - Copying 0 resource
2019-12-05 14:43:09,088 [Worker-246] INFO  o.e.m.c.i.embedder.EclipseLogger - Using 'UTF-8' encoding to copy filtered resources.
2019-12-05 14:43:09,093 [Worker-246] INFO  o.e.m.c.i.embedder.EclipseLogger - skip non existing resourceDirectory C:\Users\Coalesce\anusha\project\productapp\src\test\resources
2019-12-05 17:52:53,899 [Worker-288] INFO  o.e.m.c.i.embedder.EclipseLogger - Using 'UTF-8' encoding to copy filtered resources.
2019-12-05 17:52:53,962 [Worker-288] INFO  o.e.m.c.i.embedder.EclipseLogger - Copying 1 resource
2019-12-05 17:52:54,051 [Worker-288] INFO  o.e.m.c.i.embedder.EclipseLogger - Copying 0 resource
2019-12-05 17:52:54,058 [Worker-288] INFO  o.e.m.c.i.embedder.EclipseLogger - Using 'UTF-8' encoding to copy filtered resources.
2019-12-05 17:52:54,058 [Worker-288] INFO  o.e.m.c.i.embedder.EclipseLogger - skip non existing resourceDirectory C:\Users\Coalesce\anusha\project\productapp\src\test\resources
